#
# There is insufficient memory for the Java Runtime Environment to continue.
# Native memory allocation (malloc) failed to allocate 245536 bytes for Chunk::new
# Possible reasons:
#   The system is out of physical RAM or swap space
#   The process is running with CompressedOops enabled, and the Java Heap may be blocking the growth of the native heap
# Possible solutions:
#   Reduce memory load on the system
#   Increase physical memory or swap space
#   Check if swap backing store is full
#   Decrease Java heap size (-Xmx/-Xms)
#   Decrease number of Java threads
#   Decrease Java thread stack sizes (-Xss)
#   Set larger code cache with -XX:ReservedCodeCacheSize=
#   JVM is running with Unscaled Compressed Oops mode in which the Java heap is
#     placed in the first 4GB address space. The Java Heap base address is the
#     maximum limit for the native heap growth. Please use -XX:HeapBaseMinAddress
#     to set the Java Heap base and to place the Java Heap above 4GB virtual address.
# This output file may be truncated or incomplete.
#
#  Out of Memory Error (allocation.cpp:389), pid=1368, tid=0x000000000000238c
#
# JRE version: Java(TM) SE Runtime Environment (8.0_321-b07) (build 1.8.0_321-b07)
# Java VM: Java HotSpot(TM) 64-Bit Server VM (25.321-b07 mixed mode windows-amd64 compressed oops)
# Failed to write core dump. Minidumps are not enabled by default on client versions of Windows
#

---------------  T H R E A D  ---------------

Current thread (0x000001bcd5970800):  JavaThread "C2 CompilerThread0" daemon [_thread_in_native, id=9100, stack(0x0000000100d00000,0x0000000100e00000)]

Stack: [0x0000000100d00000,0x0000000100e00000]
Native frames: (J=compiled Java code, j=interpreted, Vv=VM code, C=native code)
V  [jvm.dll+0x32fc49]
V  [jvm.dll+0x2761a2]
V  [jvm.dll+0x276e4d]
V  [jvm.dll+0x26d7f5]
V  [jvm.dll+0xd5a0c]
V  [jvm.dll+0xd620c]
V  [jvm.dll+0x4541c2]
V  [jvm.dll+0x48f27d]
V  [jvm.dll+0x443e51]
V  [jvm.dll+0x440ffb]
V  [jvm.dll+0x42becb]
V  [jvm.dll+0xac68b]
V  [jvm.dll+0xaaceb]
V  [jvm.dll+0x23e6f2]
V  [jvm.dll+0x292edc]
C  [ucrtbase.dll+0x1cd70]
C  [KERNEL32.DLL+0x8364]
C  [ntdll.dll+0x670b1]


Current CompileTask:
C2:   1540  479  s    4       sun.misc.URLClassPath::getNextLoader (88 bytes)


---------------  P R O C E S S  ---------------

Java Threads: ( => current thread )
  0x000001bcd61af800 JavaThread "surefire-forkedjvm-ping-30s" daemon [_thread_in_native, id=8544, stack(0x0000000101200000,0x0000000101300000)]
  0x000001bcd6135800 JavaThread "surefire-forkedjvm-command-thread" daemon [_thread_in_native, id=9064, stack(0x0000000101100000,0x0000000101200000)]
  0x000001bcd59ec800 JavaThread "Service Thread" daemon [_thread_blocked, id=10800, stack(0x0000000100f00000,0x0000000101000000)]
  0x000001bcd5975000 JavaThread "C1 CompilerThread1" daemon [_thread_blocked, id=7104, stack(0x0000000100e00000,0x0000000100f00000)]
=>0x000001bcd5970800 JavaThread "C2 CompilerThread0" daemon [_thread_in_native, id=9100, stack(0x0000000100d00000,0x0000000100e00000)]
  0x000001bcd596e000 JavaThread "Attach Listener" daemon [_thread_blocked, id=8180, stack(0x0000000100c00000,0x0000000100d00000)]
  0x000001bcd596c800 JavaThread "Signal Dispatcher" daemon [_thread_blocked, id=8044, stack(0x0000000100b00000,0x0000000100c00000)]
  0x000001bcd5483000 JavaThread "Finalizer" daemon [_thread_blocked, id=6868, stack(0x0000000100a00000,0x0000000100b00000)]
  0x000001bcd5954000 JavaThread "Reference Handler" daemon [_thread_blocked, id=6788, stack(0x0000000100900000,0x0000000100a00000)]
  0x000001bc81bce000 JavaThread "main" [_thread_in_native, id=9428, stack(0x0000000100500000,0x0000000100600000)]

Other Threads:
  0x000001bcd5932800 VMThread [stack: 0x0000000100800000,0x0000000100900000] [id=3976]
  0x000001bcd59f2000 WatcherThread [stack: 0x0000000101000000,0x0000000101100000] [id=3836]

VM state:not at safepoint (normal execution)

VM Mutex/Monitor currently owned by a thread: None

heap address: 0x00000000c2a00000, size: 982 MB, Compressed Oops mode: 32-bit
Narrow klass base: 0x000001bc94b90000, Narrow klass shift: 0
Compressed class space size: 1073741824 Address: 0x000001bc94b90000

Heap:
 PSYoungGen      total 18432K, used 9597K [0x00000000eb900000, 0x00000000ecd80000, 0x0000000100000000)
  eden space 15872K, 60% used [0x00000000eb900000,0x00000000ec25f790,0x00000000ec880000)
  from space 2560K, 0% used [0x00000000ecb00000,0x00000000ecb00000,0x00000000ecd80000)
  to   space 2560K, 0% used [0x00000000ec880000,0x00000000ec880000,0x00000000ecb00000)
 ParOldGen       total 42496K, used 0K [0x00000000c2a00000, 0x00000000c5380000, 0x00000000eb900000)
  object space 42496K, 0% used [0x00000000c2a00000,0x00000000c2a00000,0x00000000c5380000)
 Metaspace       used 6502K, capacity 6656K, committed 6784K, reserved 1056768K
  class space    used 728K, capacity 798K, committed 896K, reserved 1048576K

Card table byte_map: [0x000001bc928e0000,0x000001bc92ad0000] byte_map_base: 0x000001bc922cb000

Marking Bits: (ParMarkBitMap*) 0x000000006ab39030
 Begin Bits: [0x000001bc92ad0000, 0x000001bc93a28000)
 End Bits:   [0x000001bc93a28000, 0x000001bc94980000)

Polling page: 0x000001bc81b70000

CodeCache: size=245760Kb used=2281Kb max_used=2281Kb free=243478Kb
 bounds [0x000001bc83520000, 0x000001bc83790000, 0x000001bc92520000]
 total_blobs=791 nmethods=485 adapters=220
 compilation: enabled

Compilation events (10 events):
Event: 1.411 Thread 0x000001bcd5975000 nmethod 474 0x000001bc8374ef90 code [0x000001bc8374f100, 0x000001bc8374f370]
Event: 1.418 Thread 0x000001bcd5975000  476   !   3       java.lang.ClassLoader::getPackage (118 bytes)
Event: 1.419 Thread 0x000001bcd5975000 nmethod 476 0x000001bc83752390 code [0x000001bc83752560, 0x000001bc83753110]
Event: 1.420 Thread 0x000001bcd5975000  477       3       java.util.WeakHashMap::put (162 bytes)
Event: 1.422 Thread 0x000001bcd5975000 nmethod 477 0x000001bc83753510 code [0x000001bc83753740, 0x000001bc83754620]
Event: 1.423 Thread 0x000001bcd5975000  478       3       java.util.zip.ZipFile::getZipEntry (251 bytes)
Event: 1.424 Thread 0x000001bcd5975000 nmethod 478 0x000001bc83754c50 code [0x000001bc83754ea0, 0x000001bc83755b10]
Event: 1.426 Thread 0x000001bcd5970800  479  s    4       sun.misc.URLClassPath::getNextLoader (88 bytes)
Event: 1.439 Thread 0x000001bcd5975000  481       3       java.util.ArrayDeque::poll (5 bytes)
Event: 1.439 Thread 0x000001bcd5975000 nmethod 481 0x000001bc83755f50 code [0x000001bc837560c0, 0x000001bc83756270]

GC Heap History (0 events):
No events

Deoptimization events (1 events):
Event: 0.794 Thread 0x000001bc81bce000 Uncommon trap: reason=unstable_if action=reinterpret pc=0x000001bc8369cfb8 method=java.lang.String.startsWith(Ljava/lang/String;I)Z @ 25

Classes redefined (0 events):
No events

Internal exceptions (8 events):
Event: 0.057 Thread 0x000001bc81bce000 Exception <a 'java/lang/NoSuchMethodError': Method sun.misc.Unsafe.defineClass(Ljava/lang/String;[BII)Ljava/lang/Class; name or signature does not match> (0x00000000eb907cc0) thrown at [C:\jenkins\workspace\8-2-build-windows-amd64-cygwin\jdk8u321\2141\hot
Event: 0.057 Thread 0x000001bc81bce000 Exception <a 'java/lang/NoSuchMethodError': Method sun.misc.Unsafe.prefetchRead(Ljava/lang/Object;J)V name or signature does not match> (0x00000000eb907fa8) thrown at [C:\jenkins\workspace\8-2-build-windows-amd64-cygwin\jdk8u321\2141\hotspot\src\share\vm\
Event: 0.421 Thread 0x000001bc81bce000 Exception <a 'java/security/PrivilegedActionException'> (0x00000000ebb4bd30) thrown at [C:\jenkins\workspace\8-2-build-windows-amd64-cygwin\jdk8u321\2141\hotspot\src\share\vm\prims\jvm.cpp, line 1523]
Event: 0.421 Thread 0x000001bc81bce000 Exception <a 'java/security/PrivilegedActionException'> (0x00000000ebb4c128) thrown at [C:\jenkins\workspace\8-2-build-windows-amd64-cygwin\jdk8u321\2141\hotspot\src\share\vm\prims\jvm.cpp, line 1523]
Event: 0.422 Thread 0x000001bc81bce000 Exception <a 'java/security/PrivilegedActionException'> (0x00000000ebb50408) thrown at [C:\jenkins\workspace\8-2-build-windows-amd64-cygwin\jdk8u321\2141\hotspot\src\share\vm\prims\jvm.cpp, line 1523]
Event: 0.422 Thread 0x000001bc81bce000 Exception <a 'java/security/PrivilegedActionException'> (0x00000000ebb50800) thrown at [C:\jenkins\workspace\8-2-build-windows-amd64-cygwin\jdk8u321\2141\hotspot\src\share\vm\prims\jvm.cpp, line 1523]
Event: 1.278 Thread 0x000001bc81bce000 Exception <a 'java/lang/NoSuchFieldError': method resolution failed> (0x00000000ec03c110) thrown at [C:\jenkins\workspace\8-2-build-windows-amd64-cygwin\jdk8u321\2141\hotspot\src\share\vm\prims\methodHandles.cpp, line 1169]
Event: 1.284 Thread 0x000001bc81bce000 Exception <a 'java/lang/NoSuchFieldError': method resolution failed> (0x00000000ec049400) thrown at [C:\jenkins\workspace\8-2-build-windows-amd64-cygwin\jdk8u321\2141\hotspot\src\share\vm\prims\methodHandles.cpp, line 1169]

Events (10 events):
Event: 1.425 loading class org/apache/maven/surefire/testng/conf/TestNG5141Configurator
Event: 1.425 loading class org/apache/maven/surefire/testng/conf/TestNG5141Configurator done
Event: 1.434 loading class org/apache/maven/surefire/testng/conf/TestNG513Configurator
Event: 1.434 loading class org/apache/maven/surefire/testng/conf/TestNG513Configurator done
Event: 1.437 loading class org/apache/maven/surefire/testng/conf/TestNG510Configurator
Event: 1.437 loading class org/apache/maven/surefire/testng/conf/TestNG510Configurator done
Event: 1.438 loading class org/apache/maven/surefire/testng/conf/TestNGMapConfigurator
Event: 1.438 loading class org/apache/maven/surefire/testng/conf/TestNGMapConfigurator done
Event: 1.445 loading class org/apache/maven/surefire/testng/conf/Configurator
Event: 1.445 loading class org/apache/maven/surefire/testng/conf/Configurator done


Dynamic libraries:
0x00007ff6226d0000 - 0x00007ff622717000 	C:\Program Files\Java\jdk1.8.0_321\jre\bin\java.exe
0x00007ffde12d0000 - 0x00007ffde14a2000 	C:\WINDOWS\SYSTEM32\ntdll.dll
0x00007ffddeb20000 - 0x00007ffddebcc000 	C:\WINDOWS\System32\KERNEL32.DLL
0x00007ffdde2c0000 - 0x00007ffdde4dd000 	C:\WINDOWS\System32\KERNELBASE.dll
0x00007ffddf7e0000 - 0x00007ffddf882000 	C:\WINDOWS\System32\ADVAPI32.dll
0x00007ffddf430000 - 0x00007ffddf4ce000 	C:\WINDOWS\System32\msvcrt.dll
0x00007ffddeea0000 - 0x00007ffddeef9000 	C:\WINDOWS\System32\sechost.dll
0x00007ffdde9f0000 - 0x00007ffddeb11000 	C:\WINDOWS\System32\RPCRT4.dll
0x00007ffddf670000 - 0x00007ffddf7d5000 	C:\WINDOWS\System32\USER32.dll
0x00007ffdde0f0000 - 0x00007ffdde10e000 	C:\WINDOWS\System32\win32u.dll
0x00007ffddf630000 - 0x00007ffddf664000 	C:\WINDOWS\System32\GDI32.dll
0x00007ffdddf20000 - 0x00007ffdde0a0000 	C:\WINDOWS\System32\gdi32full.dll
0x00007ffdd28b0000 - 0x00007ffdd2b2a000 	C:\WINDOWS\WinSxS\amd64_microsoft.windows.common-controls_6595b64144ccf1df_6.0.14393.953_none_42151e83c686086b\COMCTL32.dll
0x00007ffddebd0000 - 0x00007ffddee98000 	C:\WINDOWS\System32\combase.dll
0x00007ffdde4e0000 - 0x00007ffdde5d5000 	C:\WINDOWS\System32\ucrtbase.dll
0x00007ffdddeb0000 - 0x00007ffdddf1a000 	C:\WINDOWS\System32\bcryptPrimitives.dll
0x00007ffdde860000 - 0x00007ffdde88e000 	C:\WINDOWS\System32\IMM32.DLL
0x00007ffdbfc90000 - 0x00007ffdbfca5000 	C:\Program Files\Java\jdk1.8.0_321\jre\bin\vcruntime140.dll
0x00007ffdbdd00000 - 0x00007ffdbdd9b000 	C:\Program Files\Java\jdk1.8.0_321\jre\bin\msvcp140.dll
0x000000006a350000 - 0x000000006abb1000 	C:\Program Files\Java\jdk1.8.0_321\jre\bin\server\jvm.dll
0x00007ffddf4d0000 - 0x00007ffddf4d8000 	C:\WINDOWS\System32\PSAPI.DLL
0x00007ffddb820000 - 0x00007ffddb843000 	C:\WINDOWS\SYSTEM32\WINMM.dll
0x00007ffdc99a0000 - 0x00007ffdc99a9000 	C:\WINDOWS\SYSTEM32\WSOCK32.dll
0x00007ffdcd390000 - 0x00007ffdcd39a000 	C:\WINDOWS\SYSTEM32\VERSION.dll
0x00007ffddf5a0000 - 0x00007ffddf60a000 	C:\WINDOWS\System32\WS2_32.dll
0x00007ffddb7c0000 - 0x00007ffddb7eb000 	C:\WINDOWS\SYSTEM32\WINMMBASE.dll
0x00007ffdde0a0000 - 0x00007ffdde0e2000 	C:\WINDOWS\System32\cfgmgr32.dll
0x00007ffddd760000 - 0x00007ffddd76f000 	C:\WINDOWS\System32\kernel.appcore.dll
0x00007ffdd2780000 - 0x00007ffdd2790000 	C:\Program Files\Java\jdk1.8.0_321\jre\bin\verify.dll
0x00007ffdbdcd0000 - 0x00007ffdbdcfb000 	C:\Program Files\Java\jdk1.8.0_321\jre\bin\java.dll
0x00007ffdbdcb0000 - 0x00007ffdbdcc8000 	C:\Program Files\Java\jdk1.8.0_321\jre\bin\zip.dll
0x00007ffddfdb0000 - 0x00007ffde12b9000 	C:\WINDOWS\System32\SHELL32.dll
0x00007ffddd7d0000 - 0x00007ffdddea9000 	C:\WINDOWS\System32\windows.storage.dll
0x00007ffddd770000 - 0x00007ffddd7bc000 	C:\WINDOWS\System32\powrprof.dll
0x00007ffddf540000 - 0x00007ffddf592000 	C:\WINDOWS\System32\shlwapi.dll
0x00007ffdde7b0000 - 0x00007ffdde859000 	C:\WINDOWS\System32\shcore.dll
0x00007ffddd740000 - 0x00007ffddd754000 	C:\WINDOWS\System32\profapi.dll
0x00007ffdd23b0000 - 0x00007ffdd23bd000 	C:\Program Files\Java\jdk1.8.0_321\jre\bin\management.dll
0x00007ffdcc2c0000 - 0x00007ffdcc452000 	C:\WINDOWS\SYSTEM32\dbghelp.dll

VM Arguments:
java_command: C:\Users\Acer\AppData\Local\Temp\surefire1879795046951572923\surefirebooter7604843169170386372.jar C:\Users\Acer\AppData\Local\Temp\surefire1879795046951572923 2022-02-08T21-34-09_523-jvmRun1 surefire3930685674148387960tmp surefire_05288880851088608473tmp
java_class_path (initial): C:\Users\Acer\AppData\Local\Temp\surefire1879795046951572923\surefirebooter7604843169170386372.jar
Launcher Type: SUN_STANDARD

Environment Variables:
JAVA_HOME=C:\Program Files\Java\jdk1.8.0_321\
PATH=D:/eclipse-java-2021-09-R-win32-x86_64/eclipse//plugins/org.eclipse.justj.openjdk.hotspot.jre.full.win32.x86_64_16.0.2.v20210721-1149/jre/bin/server;D:/eclipse-java-2021-09-R-win32-x86_64/eclipse//plugins/org.eclipse.justj.openjdk.hotspot.jre.full.win32.x86_64_16.0.2.v20210721-1149/jre/bin;C:\Program Files (x86)\Common Files\Oracle\Java\javapath;C:\Program Files (x86)\Intel\TXE Components\iCLS\;C:\Program Files\Intel\TXE Components\iCLS\;C:\WINDOWS\system32;C:\WINDOWS;C:\WINDOWS\System32\Wbem;C:\WINDOWS\System32\WindowsPowerShell\v1.0\;C:\Program Files\Intel\TXE Components\DAL\;C:\Program Files (x86)\Intel\TXE Components\DAL\;C:\Program Files\Intel\TXE Components\IPT\;C:\Program Files (x86)\Intel\TXE Components\IPT\;C:\Program Files\Intel\WiFi\bin\;C:\Program Files\Common Files\Intel\WirelessCommon\;C:\Program Files\apache-maven-3.8.4-bin\apache-maven-3.8.4\bin;C:\Program Files\Java\jdk1.8.0_321\bin;C:\Users\Acer\AppData\Local\Microsoft\WindowsApps;;D:\eclipse-java-2021-09-R-win32-x86_64\eclipse;
USERNAME=Acer
OS=Windows_NT
PROCESSOR_IDENTIFIER=Intel64 Family 6 Model 92 Stepping 9, GenuineIntel



---------------  S Y S T E M  ---------------

OS: Windows 10 , 64 bit Build 14393 (10.0.14393.2214)

CPU:total 2 (initial active 2) (2 cores per cpu, 1 threads per core) family 6 model 92 stepping 9, cmov, cx8, fxsr, mmx, sse, sse2, sse3, ssse3, sse4.1, sse4.2, popcnt, aes, clmul, erms, 3dnowpref, tsc, tscinvbit

Memory: 4k page, physical 4018464k(319644k free), swap 4018464k(1804k free)

vm_info: Java HotSpot(TM) 64-Bit Server VM (25.321-b07) for windows-amd64 JRE (1.8.0_321-b07), built on Dec 15 2021 11:19:20 by "java_re" with MS VC++ 15.9 (VS2017)

time: Tue Feb  8 21:34:15 2022
timezone: India Standard Time
elapsed time: 1.546920 seconds (0d 0h 0m 1s)

