#
# There is insufficient memory for the Java Runtime Environment to continue.
# Native memory allocation (malloc) failed to allocate 1048576 bytes for AllocateHeap
# Possible reasons:
#   The system is out of physical RAM or swap space
#   The process is running with CompressedOops enabled, and the Java Heap may be blocking the growth of the native heap
# Possible solutions:
#   Reduce memory load on the system
#   Increase physical memory or swap space
#   Check if swap backing store is full
#   Decrease Java heap size (-Xmx/-Xms)
#   Decrease number of Java threads
#   Decrease Java thread stack sizes (-Xss)
#   Set larger code cache with -XX:ReservedCodeCacheSize=
#   JVM is running with Unscaled Compressed Oops mode in which the Java heap is
#     placed in the first 4GB address space. The Java Heap base address is the
#     maximum limit for the native heap growth. Please use -XX:HeapBaseMinAddress
#     to set the Java Heap base and to place the Java Heap above 4GB virtual address.
# This output file may be truncated or incomplete.
#
#  Out of Memory Error (memory/allocation.inline.hpp:61), pid=6048, tid=0x0000000000001d88
#
# JRE version:  (8.0_321-b07) (build )
# Java VM: Java HotSpot(TM) 64-Bit Server VM (25.321-b07 mixed mode windows-amd64 compressed oops)
# Failed to write core dump. Minidumps are not enabled by default on client versions of Windows
#

---------------  T H R E A D  ---------------

Current thread (0x000001bf90cde000):  JavaThread "Unknown thread" [_thread_in_vm, id=7560, stack(0x0000007b5d000000,0x0000007b5d100000)]

Stack: [0x0000007b5d000000,0x0000007b5d100000]
Native frames: (J=compiled Java code, j=interpreted, Vv=VM code, C=native code)
V  [jvm.dll+0x32fc49]
V  [jvm.dll+0x2761a2]
V  [jvm.dll+0x276e4d]
V  [jvm.dll+0x26d7f5]
V  [jvm.dll+0x509d]
V  [jvm.dll+0x3cafcc]
V  [jvm.dll+0x3c7337]
V  [jvm.dll+0xfd2ff]
V  [jvm.dll+0x20a8eb]
V  [jvm.dll+0x239417]
V  [jvm.dll+0x162e26]
C  [java.exe+0x2312]
C  [java.exe+0x15f54]
C  [KERNEL32.DLL+0x8364]
C  [ntdll.dll+0x670b1]


---------------  P R O C E S S  ---------------

Java Threads: ( => current thread )

Other Threads:

=>0x000001bf90cde000 (exited) JavaThread "Unknown thread" [_thread_in_vm, id=7560, stack(0x0000007b5d000000,0x0000007b5d100000)]

VM state:not at safepoint (normal execution)

VM Mutex/Monitor currently owned by a thread: None

heap address: 0x00000000c2a00000, size: 982 MB, Compressed Oops mode: 32-bit
Narrow klass base: 0x0000000000000000, Narrow klass shift: 3
Compressed class space size: 1073741824 Address: 0x0000000100000000

Heap:
 PSYoungGen      total 18432K, used 317K [0x00000000eb900000, 0x00000000ecd80000, 0x0000000100000000)
  eden space 15872K, 2% used [0x00000000eb900000,0x00000000eb94f5d0,0x00000000ec880000)
  from space 2560K, 0% used [0x00000000ecb00000,0x00000000ecb00000,0x00000000ecd80000)
  to   space 2560K, 0% used [0x00000000ec880000,0x00000000ec880000,0x00000000ecb00000)
 ParOldGen       total 42496K, used 0K [0x00000000c2a00000, 0x00000000c5380000, 0x00000000eb900000)
  object space 42496K, 0% used [0x00000000c2a00000,0x00000000c2a00000,0x00000000c5380000)
 Metaspace       used 792K, capacity 1156K, committed 1408K, reserved 1060864K
  class space    used 76K, capacity 384K, committed 384K, reserved 1048576K

Card table byte_map: [0x000001bfa1960000,0x000001bfa1b50000] byte_map_base: 0x000001bfa134b000

Marking Bits: (ParMarkBitMap*) 0x000000006ab39030
 Begin Bits: [0x000001bfa1ca0000, 0x000001bfa2bf8000)
 End Bits:   [0x000001bfa2bf8000, 0x000001bfa3b50000)

Polling page: 0x000001bf90dd0000

CodeCache: size=245760Kb used=328Kb max_used=328Kb free=245431Kb
 bounds [0x000001bf925a0000, 0x000001bf92810000, 0x000001bfa15a0000]
 total_blobs=57 nmethods=0 adapters=38
 compilation: enabled

Compilation events (0 events):
No events

GC Heap History (0 events):
No events

Deoptimization events (0 events):
No events

Classes redefined (0 events):
No events

Internal exceptions (0 events):
No events

Events (10 events):
Event: 0.060 loading class java/lang/Short
Event: 0.061 loading class java/lang/Short done
Event: 0.061 loading class java/lang/Integer
Event: 0.061 loading class java/lang/Integer done
Event: 0.061 loading class java/lang/Long
Event: 0.062 loading class java/lang/Long done
Event: 0.063 loading class java/lang/NullPointerException
Event: 0.063 loading class java/lang/NullPointerException done
Event: 0.063 loading class java/lang/ArithmeticException
Event: 0.064 loading class java/lang/ArithmeticException done


Dynamic libraries:
0x00007ff6531f0000 - 0x00007ff653237000 	C:\Program Files\Java\jdk1.8.0_321\jre\bin\java.exe
0x00007ffde12d0000 - 0x00007ffde14a2000 	C:\WINDOWS\SYSTEM32\ntdll.dll
0x00007ffddeb20000 - 0x00007ffddebcc000 	C:\WINDOWS\System32\KERNEL32.DLL
0x00007ffdde2c0000 - 0x00007ffdde4dd000 	C:\WINDOWS\System32\KERNELBASE.dll
0x00007ffddf7e0000 - 0x00007ffddf882000 	C:\WINDOWS\System32\ADVAPI32.dll
0x00007ffddf430000 - 0x00007ffddf4ce000 	C:\WINDOWS\System32\msvcrt.dll
0x00007ffddeea0000 - 0x00007ffddeef9000 	C:\WINDOWS\System32\sechost.dll
0x00007ffdde9f0000 - 0x00007ffddeb11000 	C:\WINDOWS\System32\RPCRT4.dll
0x00007ffddf670000 - 0x00007ffddf7d5000 	C:\WINDOWS\System32\USER32.dll
0x00007ffdde0f0000 - 0x00007ffdde10e000 	C:\WINDOWS\System32\win32u.dll
0x00007ffddf630000 - 0x00007ffddf664000 	C:\WINDOWS\System32\GDI32.dll
0x00007ffdddf20000 - 0x00007ffdde0a0000 	C:\WINDOWS\System32\gdi32full.dll
0x00007ffdd28b0000 - 0x00007ffdd2b2a000 	C:\WINDOWS\WinSxS\amd64_microsoft.windows.common-controls_6595b64144ccf1df_6.0.14393.953_none_42151e83c686086b\COMCTL32.dll
0x00007ffddebd0000 - 0x00007ffddee98000 	C:\WINDOWS\System32\combase.dll
0x00007ffdde4e0000 - 0x00007ffdde5d5000 	C:\WINDOWS\System32\ucrtbase.dll
0x00007ffdddeb0000 - 0x00007ffdddf1a000 	C:\WINDOWS\System32\bcryptPrimitives.dll
0x00007ffdde860000 - 0x00007ffdde88e000 	C:\WINDOWS\System32\IMM32.DLL
0x00007ffdbfc90000 - 0x00007ffdbfca5000 	C:\Program Files\Java\jdk1.8.0_321\jre\bin\vcruntime140.dll
0x00007ffdbdd00000 - 0x00007ffdbdd9b000 	C:\Program Files\Java\jdk1.8.0_321\jre\bin\msvcp140.dll
0x000000006a350000 - 0x000000006abb1000 	C:\Program Files\Java\jdk1.8.0_321\jre\bin\server\jvm.dll
0x00007ffddf4d0000 - 0x00007ffddf4d8000 	C:\WINDOWS\System32\PSAPI.DLL
0x00007ffddb820000 - 0x00007ffddb843000 	C:\WINDOWS\SYSTEM32\WINMM.dll
0x00007ffdc99a0000 - 0x00007ffdc99a9000 	C:\WINDOWS\SYSTEM32\WSOCK32.dll
0x00007ffddf5a0000 - 0x00007ffddf60a000 	C:\WINDOWS\System32\WS2_32.dll
0x00007ffdcd390000 - 0x00007ffdcd39a000 	C:\WINDOWS\SYSTEM32\VERSION.dll
0x00007ffddb7c0000 - 0x00007ffddb7eb000 	C:\WINDOWS\SYSTEM32\WINMMBASE.dll
0x00007ffdde0a0000 - 0x00007ffdde0e2000 	C:\WINDOWS\System32\cfgmgr32.dll
0x00007ffddd760000 - 0x00007ffddd76f000 	C:\WINDOWS\System32\kernel.appcore.dll
0x00007ffdd2780000 - 0x00007ffdd2790000 	C:\Program Files\Java\jdk1.8.0_321\jre\bin\verify.dll
0x00007ffdbdcd0000 - 0x00007ffdbdcfb000 	C:\Program Files\Java\jdk1.8.0_321\jre\bin\java.dll
0x00007ffdbdcb0000 - 0x00007ffdbdcc8000 	C:\Program Files\Java\jdk1.8.0_321\jre\bin\zip.dll
0x00007ffdcc2c0000 - 0x00007ffdcc452000 	C:\WINDOWS\SYSTEM32\dbghelp.dll

VM Arguments:
java_command: D:\Hackathon project\Hackathon project\InterestAmountForCurrentYear-EMICalculator\target\surefire\surefirebooter4653069028673049208.jar D:\Hackathon project\Hackathon project\InterestAmountForCurrentYear-EMICalculator\target\surefire\surefire3776315924608614588tmp D:\Hackathon project\Hackathon project\InterestAmountForCurrentYear-EMICalculator\target\surefire\surefire_06978082740634267185tmp
java_class_path (initial): D:\Hackathon project\Hackathon project\InterestAmountForCurrentYear-EMICalculator\target\surefire\surefirebooter4653069028673049208.jar
Launcher Type: SUN_STANDARD

Environment Variables:
JAVA_HOME=C:\Program Files\Java\jdk1.8.0_321\
PATH=D:/eclipse-java-2021-09-R-win32-x86_64/eclipse//plugins/org.eclipse.justj.openjdk.hotspot.jre.full.win32.x86_64_16.0.2.v20210721-1149/jre/bin/server;D:/eclipse-java-2021-09-R-win32-x86_64/eclipse//plugins/org.eclipse.justj.openjdk.hotspot.jre.full.win32.x86_64_16.0.2.v20210721-1149/jre/bin;C:\Program Files (x86)\Common Files\Oracle\Java\javapath;C:\Program Files (x86)\Intel\TXE Components\iCLS\;C:\Program Files\Intel\TXE Components\iCLS\;C:\WINDOWS\system32;C:\WINDOWS;C:\WINDOWS\System32\Wbem;C:\WINDOWS\System32\WindowsPowerShell\v1.0\;C:\Program Files\Intel\TXE Components\DAL\;C:\Program Files (x86)\Intel\TXE Components\DAL\;C:\Program Files\Intel\TXE Components\IPT\;C:\Program Files (x86)\Intel\TXE Components\IPT\;C:\Program Files\Intel\WiFi\bin\;C:\Program Files\Common Files\Intel\WirelessCommon\;C:\Program Files\apache-maven-3.8.4-bin\apache-maven-3.8.4\bin;C:\Program Files\Java\jdk1.8.0_321\bin;C:\Users\Acer\AppData\Local\Microsoft\WindowsApps;;D:\eclipse-java-2021-09-R-win32-x86_64\eclipse;
USERNAME=Acer
OS=Windows_NT
PROCESSOR_IDENTIFIER=Intel64 Family 6 Model 92 Stepping 9, GenuineIntel



---------------  S Y S T E M  ---------------

OS: Windows 10 , 64 bit Build 14393 (10.0.14393.2214)

CPU:total 2 (initial active 2) (2 cores per cpu, 1 threads per core) family 6 model 92 stepping 9, cmov, cx8, fxsr, mmx, sse, sse2, sse3, ssse3, sse4.1, sse4.2, popcnt, aes, clmul, erms, 3dnowpref, tsc, tscinvbit

Memory: 4k page, physical 4018464k(355368k free), swap 4018464k(5312k free)

vm_info: Java HotSpot(TM) 64-Bit Server VM (25.321-b07) for windows-amd64 JRE (1.8.0_321-b07), built on Dec 15 2021 11:19:20 by "java_re" with MS VC++ 15.9 (VS2017)

time: Tue Feb  8 21:24:18 2022
timezone: India Standard Time
elapsed time: 0.118826 seconds (0d 0h 0m 0s)

