#
# There is insufficient memory for the Java Runtime Environment to continue.
# Native memory allocation (malloc) failed to allocate 1346480 bytes for Chunk::new
# Possible reasons:
#   The system is out of physical RAM or swap space
#   The process is running with CompressedOops enabled, and the Java Heap may be blocking the growth of the native heap
# Possible solutions:
#   Reduce memory load on the system
#   Increase physical memory or swap space
#   Check if swap backing store is full
#   Decrease Java heap size (-Xmx/-Xms)
#   Decrease number of Java threads
#   Decrease Java thread stack sizes (-Xss)
#   Set larger code cache with -XX:ReservedCodeCacheSize=
#   JVM is running with Unscaled Compressed Oops mode in which the Java heap is
#     placed in the first 4GB address space. The Java Heap base address is the
#     maximum limit for the native heap growth. Please use -XX:HeapBaseMinAddress
#     to set the Java Heap base and to place the Java Heap above 4GB virtual address.
# This output file may be truncated or incomplete.
#
#  Out of Memory Error (allocation.cpp:389), pid=10732, tid=0x0000000000001bb0
#
# JRE version: Java(TM) SE Runtime Environment (8.0_321-b07) (build 1.8.0_321-b07)
# Java VM: Java HotSpot(TM) 64-Bit Server VM (25.321-b07 mixed mode windows-amd64 compressed oops)
# Failed to write core dump. Minidumps are not enabled by default on client versions of Windows
#

---------------  T H R E A D  ---------------

Current thread (0x000002294508e000):  JavaThread "C2 CompilerThread0" daemon [_thread_in_native, id=7088, stack(0x0000007ca3800000,0x0000007ca3900000)]

Stack: [0x0000007ca3800000,0x0000007ca3900000]
Native frames: (J=compiled Java code, j=interpreted, Vv=VM code, C=native code)
V  [jvm.dll+0x32fc49]
V  [jvm.dll+0x2761a2]
V  [jvm.dll+0x276e4d]
V  [jvm.dll+0x26d7f5]
V  [jvm.dll+0xd5a0c]
V  [jvm.dll+0xd620c]
V  [jvm.dll+0x4716f5]
V  [jvm.dll+0x438f18]
V  [jvm.dll+0x441d65]
V  [jvm.dll+0x441125]
V  [jvm.dll+0x42becb]
V  [jvm.dll+0xac68b]
V  [jvm.dll+0xaaceb]
V  [jvm.dll+0x23e6f2]
V  [jvm.dll+0x292edc]
C  [ucrtbase.dll+0x1cd70]
C  [KERNEL32.DLL+0x8364]
C  [ntdll.dll+0x670b1]


Current CompileTask:
C2:   9150 2876   !   4       org.codehaus.plexus.interpolation.StringSearchInterpolator::interpolate (650 bytes)


---------------  P R O C E S S  ---------------

Java Threads: ( => current thread )
  0x00000229450e8800 JavaThread "Service Thread" daemon [_thread_blocked, id=9460, stack(0x0000007ca3a00000,0x0000007ca3b00000)]
  0x00000229450e6800 JavaThread "C1 CompilerThread1" daemon [_thread_blocked, id=11072, stack(0x0000007ca3900000,0x0000007ca3a00000)]
=>0x000002294508e000 JavaThread "C2 CompilerThread0" daemon [_thread_in_native, id=7088, stack(0x0000007ca3800000,0x0000007ca3900000)]
  0x000002294508a800 JavaThread "Attach Listener" daemon [_thread_blocked, id=9528, stack(0x0000007ca3700000,0x0000007ca3800000)]
  0x0000022945089000 JavaThread "Signal Dispatcher" daemon [_thread_blocked, id=11248, stack(0x0000007ca3600000,0x0000007ca3700000)]
  0x0000022944b90800 JavaThread "Finalizer" daemon [_thread_blocked, id=6012, stack(0x0000007ca3500000,0x0000007ca3600000)]
  0x0000022945074000 JavaThread "Reference Handler" daemon [_thread_blocked, id=4232, stack(0x0000007ca3400000,0x0000007ca3500000)]
  0x0000022931150000 JavaThread "main" [_thread_in_native, id=8216, stack(0x0000007ca3000000,0x0000007ca3100000)]

Other Threads:
  0x0000022945052000 VMThread [stack: 0x0000007ca3300000,0x0000007ca3400000] [id=5588]
  0x00000229450f0000 WatcherThread [stack: 0x0000007ca3b00000,0x0000007ca3c00000] [id=3596]

VM state:not at safepoint (normal execution)

VM Mutex/Monitor currently owned by a thread: None

heap address: 0x00000000c2a00000, size: 982 MB, Compressed Oops mode: 32-bit
Narrow klass base: 0x0000000000000000, Narrow klass shift: 3
Compressed class space size: 1073741824 Address: 0x0000000100000000

Heap:
 PSYoungGen      total 70144K, used 37461K [0x00000000eb900000, 0x00000000f0500000, 0x0000000100000000)
  eden space 63488K, 51% used [0x00000000eb900000,0x00000000ed909788,0x00000000ef700000)
  from space 6656K, 69% used [0x00000000efe80000,0x00000000f030c010,0x00000000f0500000)
  to   space 7168K, 0% used [0x00000000ef700000,0x00000000ef700000,0x00000000efe00000)
 ParOldGen       total 42496K, used 10445K [0x00000000c2a00000, 0x00000000c5380000, 0x00000000eb900000)
  object space 42496K, 24% used [0x00000000c2a00000,0x00000000c3433528,0x00000000c5380000)
 Metaspace       used 19008K, capacity 19460K, committed 19584K, reserved 1067008K
  class space    used 2181K, capacity 2316K, committed 2432K, reserved 1048576K

Card table byte_map: [0x0000022941ec0000,0x00000229420b0000] byte_map_base: 0x00000229418ab000

Marking Bits: (ParMarkBitMap*) 0x000000006ab39030
 Begin Bits: [0x0000022942200000, 0x0000022943158000)
 End Bits:   [0x0000022943158000, 0x00000229440b0000)

Polling page: 0x0000022931320000

CodeCache: size=245760Kb used=9920Kb max_used=9920Kb free=235839Kb
 bounds [0x0000022932b00000, 0x00000229334c0000, 0x0000022941b00000]
 total_blobs=3394 nmethods=2996 adapters=311
 compilation: enabled

Compilation events (10 events):
Event: 8.925 Thread 0x00000229450e6800 3004       2       java.security.MessageDigest$Delegate::engineUpdate (11 bytes)
Event: 8.925 Thread 0x00000229450e6800 nmethod 3004 0x00000229334b4990 code [0x00000229334b4b00, 0x00000229334b4c90]
Event: 8.925 Thread 0x00000229450e6800 3005   !   2       java.nio.charset.Charset::defaultCharset (65 bytes)
Event: 8.926 Thread 0x00000229450e6800 nmethod 3005 0x00000229334b4d50 code [0x00000229334b4f00, 0x00000229334b53e0]
Event: 8.926 Thread 0x00000229450e6800 3006       2       java.lang.StringCoding::safeTrim (24 bytes)
Event: 8.926 Thread 0x00000229450e6800 nmethod 3006 0x00000229334b5750 code [0x00000229334b58c0, 0x00000229334b5b70]
Event: 8.926 Thread 0x00000229450e6800 3007       2       java.security.MessageDigest::update (14 bytes)
Event: 8.927 Thread 0x00000229450e6800 nmethod 3007 0x00000229334b5c90 code [0x00000229334b5e00, 0x00000229334b5fb0]
Event: 8.927 Thread 0x00000229450e6800 3008   !   2       java.lang.StringCoding::encode (120 bytes)
Event: 8.929 Thread 0x00000229450e6800 nmethod 3008 0x00000229334b6090 code [0x00000229334b6300, 0x00000229334b6c20]

GC Heap History (10 events):
Event: 2.708 GC heap before
{Heap before GC invocations=2 (full 0):
 PSYoungGen      total 18432K, used 18431K [0x00000000eb900000, 0x00000000ecd80000, 0x0000000100000000)
  eden space 15872K, 100% used [0x00000000eb900000,0x00000000ec880000,0x00000000ec880000)
  from space 2560K, 99% used [0x00000000ec880000,0x00000000ecafff20,0x00000000ecb00000)
  to   space 2560K, 0% used [0x00000000ecb00000,0x00000000ecb00000,0x00000000ecd80000)
 ParOldGen       total 42496K, used 737K [0x00000000c2a00000, 0x00000000c5380000, 0x00000000eb900000)
  object space 42496K, 1% used [0x00000000c2a00000,0x00000000c2ab8508,0x00000000c5380000)
 Metaspace       used 8616K, capacity 8720K, committed 8832K, reserved 1056768K
  class space    used 1022K, capacity 1080K, committed 1152K, reserved 1048576K
Event: 2.721 GC heap after
Heap after GC invocations=2 (full 0):
 PSYoungGen      total 18432K, used 2554K [0x00000000eb900000, 0x00000000edd00000, 0x0000000100000000)
  eden space 15872K, 0% used [0x00000000eb900000,0x00000000eb900000,0x00000000ec880000)
  from space 2560K, 99% used [0x00000000ecb00000,0x00000000ecd7e8d8,0x00000000ecd80000)
  to   space 2560K, 0% used [0x00000000ec880000,0x00000000ec880000,0x00000000ecb00000)
 ParOldGen       total 42496K, used 1448K [0x00000000c2a00000, 0x00000000c5380000, 0x00000000eb900000)
  object space 42496K, 3% used [0x00000000c2a00000,0x00000000c2b6a2c0,0x00000000c5380000)
 Metaspace       used 8616K, capacity 8720K, committed 8832K, reserved 1056768K
  class space    used 1022K, capacity 1080K, committed 1152K, reserved 1048576K
}
Event: 3.305 GC heap before
{Heap before GC invocations=3 (full 0):
 PSYoungGen      total 18432K, used 18426K [0x00000000eb900000, 0x00000000edd00000, 0x0000000100000000)
  eden space 15872K, 100% used [0x00000000eb900000,0x00000000ec880000,0x00000000ec880000)
  from space 2560K, 99% used [0x00000000ecb00000,0x00000000ecd7e8d8,0x00000000ecd80000)
  to   space 2560K, 0% used [0x00000000ec880000,0x00000000ec880000,0x00000000ecb00000)
 ParOldGen       total 42496K, used 1448K [0x00000000c2a00000, 0x00000000c5380000, 0x00000000eb900000)
  object space 42496K, 3% used [0x00000000c2a00000,0x00000000c2b6a2c0,0x00000000c5380000)
 Metaspace       used 9849K, capacity 9986K, committed 10240K, reserved 1058816K
  class space    used 1174K, capacity 1243K, committed 1280K, reserved 1048576K
Event: 3.314 GC heap after
Heap after GC invocations=3 (full 0):
 PSYoungGen      total 18432K, used 2560K [0x00000000eb900000, 0x00000000edd00000, 0x0000000100000000)
  eden space 15872K, 0% used [0x00000000eb900000,0x00000000eb900000,0x00000000ec880000)
  from space 2560K, 100% used [0x00000000ec880000,0x00000000ecb00000,0x00000000ecb00000)
  to   space 2560K, 0% used [0x00000000eda80000,0x00000000eda80000,0x00000000edd00000)
 ParOldGen       total 42496K, used 3221K [0x00000000c2a00000, 0x00000000c5380000, 0x00000000eb900000)
  object space 42496K, 7% used [0x00000000c2a00000,0x00000000c2d25610,0x00000000c5380000)
 Metaspace       used 9849K, capacity 9986K, committed 10240K, reserved 1058816K
  class space    used 1174K, capacity 1243K, committed 1280K, reserved 1048576K
}
Event: 4.052 GC heap before
{Heap before GC invocations=4 (full 0):
 PSYoungGen      total 18432K, used 18432K [0x00000000eb900000, 0x00000000edd00000, 0x0000000100000000)
  eden space 15872K, 100% used [0x00000000eb900000,0x00000000ec880000,0x00000000ec880000)
  from space 2560K, 100% used [0x00000000ec880000,0x00000000ecb00000,0x00000000ecb00000)
  to   space 2560K, 0% used [0x00000000eda80000,0x00000000eda80000,0x00000000edd00000)
 ParOldGen       total 42496K, used 3221K [0x00000000c2a00000, 0x00000000c5380000, 0x00000000eb900000)
  object space 42496K, 7% used [0x00000000c2a00000,0x00000000c2d25610,0x00000000c5380000)
 Metaspace       used 12020K, capacity 12226K, committed 12416K, reserved 1060864K
  class space    used 1464K, capacity 1541K, committed 1664K, reserved 1048576K
Event: 4.063 GC heap after
Heap after GC invocations=4 (full 0):
 PSYoungGen      total 34304K, used 2528K [0x00000000eb900000, 0x00000000edd00000, 0x0000000100000000)
  eden space 31744K, 0% used [0x00000000eb900000,0x00000000eb900000,0x00000000ed800000)
  from space 2560K, 98% used [0x00000000eda80000,0x00000000edcf8020,0x00000000edd00000)
  to   space 2560K, 0% used [0x00000000ed800000,0x00000000ed800000,0x00000000eda80000)
 ParOldGen       total 42496K, used 5775K [0x00000000c2a00000, 0x00000000c5380000, 0x00000000eb900000)
  object space 42496K, 13% used [0x00000000c2a00000,0x00000000c2fa3c58,0x00000000c5380000)
 Metaspace       used 12020K, capacity 12226K, committed 12416K, reserved 1060864K
  class space    used 1464K, capacity 1541K, committed 1664K, reserved 1048576K
}
Event: 6.001 GC heap before
{Heap before GC invocations=5 (full 0):
 PSYoungGen      total 34304K, used 34272K [0x00000000eb900000, 0x00000000edd00000, 0x0000000100000000)
  eden space 31744K, 100% used [0x00000000eb900000,0x00000000ed800000,0x00000000ed800000)
  from space 2560K, 98% used [0x00000000eda80000,0x00000000edcf8020,0x00000000edd00000)
  to   space 2560K, 0% used [0x00000000ed800000,0x00000000ed800000,0x00000000eda80000)
 ParOldGen       total 42496K, used 5775K [0x00000000c2a00000, 0x00000000c5380000, 0x00000000eb900000)
  object space 42496K, 13% used [0x00000000c2a00000,0x00000000c2fa3c58,0x00000000c5380000)
 Metaspace       used 15492K, capacity 15728K, committed 15872K, reserved 1062912K
  class space    used 1853K, capacity 1970K, committed 2048K, reserved 1048576K
Event: 6.021 GC heap after
Heap after GC invocations=5 (full 0):
 PSYoungGen      total 34304K, used 2560K [0x00000000eb900000, 0x00000000f0600000, 0x0000000100000000)
  eden space 31744K, 0% used [0x00000000eb900000,0x00000000eb900000,0x00000000ed800000)
  from space 2560K, 100% used [0x00000000ed800000,0x00000000eda80000,0x00000000eda80000)
  to   space 7680K, 0% used [0x00000000efe80000,0x00000000efe80000,0x00000000f0600000)
 ParOldGen       total 42496K, used 10437K [0x00000000c2a00000, 0x00000000c5380000, 0x00000000eb900000)
  object space 42496K, 24% used [0x00000000c2a00000,0x00000000c3431528,0x00000000c5380000)
 Metaspace       used 15492K, capacity 15728K, committed 15872K, reserved 1062912K
  class space    used 1853K, capacity 1970K, committed 2048K, reserved 1048576K
}
Event: 7.206 GC heap before
{Heap before GC invocations=6 (full 0):
 PSYoungGen      total 34304K, used 34304K [0x00000000eb900000, 0x00000000f0600000, 0x0000000100000000)
  eden space 31744K, 100% used [0x00000000eb900000,0x00000000ed800000,0x00000000ed800000)
  from space 2560K, 100% used [0x00000000ed800000,0x00000000eda80000,0x00000000eda80000)
  to   space 7680K, 0% used [0x00000000efe80000,0x00000000efe80000,0x00000000f0600000)
 ParOldGen       total 42496K, used 10437K [0x00000000c2a00000, 0x00000000c5380000, 0x00000000eb900000)
  object space 42496K, 24% used [0x00000000c2a00000,0x00000000c3431528,0x00000000c5380000)
 Metaspace       used 15942K, capacity 16194K, committed 16384K, reserved 1062912K
  class space    used 1871K, capacity 1973K, committed 2048K, reserved 1048576K
Event: 7.223 GC heap after
Heap after GC invocations=6 (full 0):
 PSYoungGen      total 70144K, used 4656K [0x00000000eb900000, 0x00000000f0500000, 0x0000000100000000)
  eden space 63488K, 0% used [0x00000000eb900000,0x00000000eb900000,0x00000000ef700000)
  from space 6656K, 69% used [0x00000000efe80000,0x00000000f030c010,0x00000000f0500000)
  to   space 7168K, 0% used [0x00000000ef700000,0x00000000ef700000,0x00000000efe00000)
 ParOldGen       total 42496K, used 10445K [0x00000000c2a00000, 0x00000000c5380000, 0x00000000eb900000)
  object space 42496K, 24% used [0x00000000c2a00000,0x00000000c3433528,0x00000000c5380000)
 Metaspace       used 15942K, capacity 16194K, committed 16384K, reserved 1062912K
  class space    used 1871K, capacity 1973K, committed 2048K, reserved 1048576K
}

Deoptimization events (10 events):
Event: 8.659 Thread 0x0000022931150000 Uncommon trap: reason=class_check action=maybe_recompile pc=0x00000229331b3bf0 method=java.util.Hashtable.put(Ljava/lang/Object;Ljava/lang/Object;)Ljava/lang/Object; @ 18
Event: 8.659 Thread 0x0000022931150000 Uncommon trap: reason=class_check action=maybe_recompile pc=0x00000229331b3bf0 method=java.util.Hashtable.put(Ljava/lang/Object;Ljava/lang/Object;)Ljava/lang/Object; @ 18
Event: 8.659 Thread 0x0000022931150000 Uncommon trap: reason=class_check action=maybe_recompile pc=0x00000229331b3bf0 method=java.util.Hashtable.put(Ljava/lang/Object;Ljava/lang/Object;)Ljava/lang/Object; @ 18
Event: 8.659 Thread 0x0000022931150000 Uncommon trap: reason=unstable_if action=reinterpret pc=0x0000022932e9de7c method=java.lang.CharacterDataLatin1.isWhitespace(I)Z @ 14
Event: 8.777 Thread 0x0000022931150000 Uncommon trap: reason=unstable_if action=reinterpret pc=0x0000022933137c28 method=java.util.LinkedHashMap.get(Ljava/lang/Object;)Ljava/lang/Object; @ 20
Event: 8.782 Thread 0x0000022931150000 Uncommon trap: reason=class_check action=maybe_recompile pc=0x0000022933298cfc method=java.util.Hashtable.get(Ljava/lang/Object;)Ljava/lang/Object; @ 6
Event: 8.783 Thread 0x0000022931150000 Uncommon trap: reason=class_check action=maybe_recompile pc=0x0000022933298cfc method=java.util.Hashtable.get(Ljava/lang/Object;)Ljava/lang/Object; @ 6
Event: 8.800 Thread 0x0000022931150000 Uncommon trap: reason=class_check action=maybe_recompile pc=0x0000022933298cfc method=java.util.Hashtable.get(Ljava/lang/Object;)Ljava/lang/Object; @ 6
Event: 8.801 Thread 0x0000022931150000 Uncommon trap: reason=class_check action=maybe_recompile pc=0x0000022933298cfc method=java.util.Hashtable.get(Ljava/lang/Object;)Ljava/lang/Object; @ 6
Event: 8.867 Thread 0x0000022931150000 Uncommon trap: reason=unstable_if action=reinterpret pc=0x0000022933375698 method=java.util.regex.ASCII.isType(II)Z @ 6

Classes redefined (0 events):
No events

Internal exceptions (10 events):
Event: 5.057 Thread 0x0000022931150000 Exception <a 'java/lang/NullPointerException'> (0x00000000ec8e2208) thrown at [C:\jenkins\workspace\8-2-build-windows-amd64-cygwin\jdk8u321\2141\hotspot\src\share\vm\interpreter\linkResolver.cpp, line 1185]
Event: 5.057 Thread 0x0000022931150000 Exception <a 'java/lang/NullPointerException'> (0x00000000ec8e2410) thrown at [C:\jenkins\workspace\8-2-build-windows-amd64-cygwin\jdk8u321\2141\hotspot\src\share\vm\interpreter\linkResolver.cpp, line 1185]
Event: 5.057 Thread 0x0000022931150000 Exception <a 'java/lang/NullPointerException'> (0x00000000ec8e2618) thrown at [C:\jenkins\workspace\8-2-build-windows-amd64-cygwin\jdk8u321\2141\hotspot\src\share\vm\interpreter\linkResolver.cpp, line 1185]
Event: 5.058 Thread 0x0000022931150000 Exception <a 'java/lang/NullPointerException'> (0x00000000ec8eb4d8) thrown at [C:\jenkins\workspace\8-2-build-windows-amd64-cygwin\jdk8u321\2141\hotspot\src\share\vm\interpreter\linkResolver.cpp, line 1185]
Event: 5.059 Thread 0x0000022931150000 Exception <a 'java/lang/NullPointerException'> (0x00000000ec8eb6e0) thrown at [C:\jenkins\workspace\8-2-build-windows-amd64-cygwin\jdk8u321\2141\hotspot\src\share\vm\interpreter\linkResolver.cpp, line 1185]
Event: 5.059 Thread 0x0000022931150000 Exception <a 'java/lang/NullPointerException'> (0x00000000ec8eb8e8) thrown at [C:\jenkins\workspace\8-2-build-windows-amd64-cygwin\jdk8u321\2141\hotspot\src\share\vm\interpreter\linkResolver.cpp, line 1185]
Event: 5.850 Thread 0x0000022931150000 Implicit null exception at 0x000002293314d0d4 to 0x000002293314e309
Event: 6.746 Thread 0x0000022931150000 Implicit null exception at 0x0000022932ecc595 to 0x0000022932ecc765
Event: 6.750 Thread 0x0000022931150000 Implicit null exception at 0x0000022932ea0aef to 0x0000022932ea0b59
Event: 7.713 Thread 0x0000022931150000 Implicit null exception at 0x000002293331f27d to 0x000002293331f6a5

Events (10 events):
Event: 8.910 loading class sun/security/validator/Validator
Event: 8.911 loading class sun/security/validator/Validator done
Event: 8.911 loading class sun/security/validator/SimpleValidator
Event: 8.911 loading class sun/security/validator/SimpleValidator done
Event: 8.912 loading class sun/security/validator/EndEntityChecker
Event: 8.913 loading class sun/security/validator/EndEntityChecker done
Event: 8.914 loading class java/util/Hashtable$KeySet
Event: 8.917 loading class java/util/Hashtable$KeySet done
Event: 8.924 Thread 0x0000022931150000 DEOPT PACKING pc=0x00000229334b0a60 sp=0x0000007ca30f6960
Event: 8.925 Thread 0x0000022931150000 DEOPT UNPACKING pc=0x0000022932b47518 sp=0x0000007ca30f6660 mode 0


Dynamic libraries:
0x00007ff755640000 - 0x00007ff755687000 	C:\Program Files\Java\jdk1.8.0_321\bin\javaw.exe
0x00007ffde12d0000 - 0x00007ffde14a2000 	C:\WINDOWS\SYSTEM32\ntdll.dll
0x00007ffddeb20000 - 0x00007ffddebcc000 	C:\WINDOWS\System32\KERNEL32.DLL
0x00007ffdde2c0000 - 0x00007ffdde4dd000 	C:\WINDOWS\System32\KERNELBASE.dll
0x00007ffddf7e0000 - 0x00007ffddf882000 	C:\WINDOWS\System32\ADVAPI32.dll
0x00007ffddf430000 - 0x00007ffddf4ce000 	C:\WINDOWS\System32\msvcrt.dll
0x00007ffddeea0000 - 0x00007ffddeef9000 	C:\WINDOWS\System32\sechost.dll
0x00007ffdde9f0000 - 0x00007ffddeb11000 	C:\WINDOWS\System32\RPCRT4.dll
0x00007ffddf670000 - 0x00007ffddf7d5000 	C:\WINDOWS\System32\USER32.dll
0x00007ffdde0f0000 - 0x00007ffdde10e000 	C:\WINDOWS\System32\win32u.dll
0x00007ffddf630000 - 0x00007ffddf664000 	C:\WINDOWS\System32\GDI32.dll
0x00007ffdddf20000 - 0x00007ffdde0a0000 	C:\WINDOWS\System32\gdi32full.dll
0x00007ffdd28b0000 - 0x00007ffdd2b2a000 	C:\WINDOWS\WinSxS\amd64_microsoft.windows.common-controls_6595b64144ccf1df_6.0.14393.953_none_42151e83c686086b\COMCTL32.dll
0x00007ffddebd0000 - 0x00007ffddee98000 	C:\WINDOWS\System32\combase.dll
0x00007ffdde4e0000 - 0x00007ffdde5d5000 	C:\WINDOWS\System32\ucrtbase.dll
0x00007ffdddeb0000 - 0x00007ffdddf1a000 	C:\WINDOWS\System32\bcryptPrimitives.dll
0x00007ffdde860000 - 0x00007ffdde88e000 	C:\WINDOWS\System32\IMM32.DLL
0x00007ffdbfc90000 - 0x00007ffdbfca5000 	C:\Program Files\Java\jdk1.8.0_321\jre\bin\vcruntime140.dll
0x00007ffdbdd00000 - 0x00007ffdbdd9b000 	C:\Program Files\Java\jdk1.8.0_321\jre\bin\msvcp140.dll
0x000000006a350000 - 0x000000006abb1000 	C:\Program Files\Java\jdk1.8.0_321\jre\bin\server\jvm.dll
0x00007ffddf4d0000 - 0x00007ffddf4d8000 	C:\WINDOWS\System32\PSAPI.DLL
0x00007ffdc99a0000 - 0x00007ffdc99a9000 	C:\WINDOWS\SYSTEM32\WSOCK32.dll
0x00007ffddf5a0000 - 0x00007ffddf60a000 	C:\WINDOWS\System32\WS2_32.dll
0x00007ffddb820000 - 0x00007ffddb843000 	C:\WINDOWS\SYSTEM32\WINMM.dll
0x00007ffdcd390000 - 0x00007ffdcd39a000 	C:\WINDOWS\SYSTEM32\VERSION.dll
0x00007ffddb7c0000 - 0x00007ffddb7eb000 	C:\WINDOWS\SYSTEM32\WINMMBASE.dll
0x00007ffdde0a0000 - 0x00007ffdde0e2000 	C:\WINDOWS\System32\cfgmgr32.dll
0x00007ffddd760000 - 0x00007ffddd76f000 	C:\WINDOWS\System32\kernel.appcore.dll
0x00007ffdd2780000 - 0x00007ffdd2790000 	C:\Program Files\Java\jdk1.8.0_321\jre\bin\verify.dll
0x00007ffdbdcd0000 - 0x00007ffdbdcfb000 	C:\Program Files\Java\jdk1.8.0_321\jre\bin\java.dll
0x00007ffdbdcb0000 - 0x00007ffdbdcc8000 	C:\Program Files\Java\jdk1.8.0_321\jre\bin\zip.dll
0x00007ffddfdb0000 - 0x00007ffde12b9000 	C:\WINDOWS\System32\SHELL32.dll
0x00007ffddd7d0000 - 0x00007ffdddea9000 	C:\WINDOWS\System32\windows.storage.dll
0x00007ffddd770000 - 0x00007ffddd7bc000 	C:\WINDOWS\System32\powrprof.dll
0x00007ffddf540000 - 0x00007ffddf592000 	C:\WINDOWS\System32\shlwapi.dll
0x00007ffdde7b0000 - 0x00007ffdde859000 	C:\WINDOWS\System32\shcore.dll
0x00007ffddd740000 - 0x00007ffddd754000 	C:\WINDOWS\System32\profapi.dll
0x00007ffddd1b0000 - 0x00007ffddd1c7000 	C:\WINDOWS\SYSTEM32\CRYPTSP.dll
0x00007ffddcc10000 - 0x00007ffddcc43000 	C:\WINDOWS\system32\rsaenh.dll
0x00007ffddd680000 - 0x00007ffddd6ab000 	C:\WINDOWS\SYSTEM32\bcrypt.dll
0x00007ffddcea0000 - 0x00007ffddcebf000 	C:\WINDOWS\SYSTEM32\USERENV.dll
0x00007ffddd670000 - 0x00007ffddd67b000 	C:\WINDOWS\SYSTEM32\CRYPTBASE.dll
0x00007ffdbdc90000 - 0x00007ffdbdcac000 	C:\Program Files\Java\jdk1.8.0_321\jre\bin\net.dll
0x00007ffddd010000 - 0x00007ffddd06c000 	C:\WINDOWS\system32\mswsock.dll
0x00007ffddcd90000 - 0x00007ffddcdc8000 	C:\WINDOWS\SYSTEM32\IPHLPAPI.DLL
0x00007ffde12c0000 - 0x00007ffde12c8000 	C:\WINDOWS\System32\NSI.dll
0x00007ffdd5180000 - 0x00007ffdd5196000 	C:\WINDOWS\SYSTEM32\dhcpcsvc6.DLL
0x00007ffdd5420000 - 0x00007ffdd543a000 	C:\WINDOWS\SYSTEM32\dhcpcsvc.DLL
0x00007ffdbdc70000 - 0x00007ffdbdc83000 	C:\Program Files\Java\jdk1.8.0_321\jre\bin\nio.dll
0x00007ffddb6a0000 - 0x00007ffddb6aa000 	C:\Users\Acer\AppData\Local\Temp\jansi-1.17.1-2363426147072743157.dll
0x00007ffdd6a90000 - 0x00007ffdd6a9a000 	C:\Users\Acer\AppData\Local\Temp\jansi-1.17.1-6928070010721296680.dll
0x00007ffdd1790000 - 0x00007ffdd17b4000 	C:\Program Files\Java\jdk1.8.0_321\jre\bin\sunec.dll
0x00007ffdcc2c0000 - 0x00007ffdcc452000 	C:\WINDOWS\SYSTEM32\dbghelp.dll

VM Arguments:
jvm_args: -Dmaven.home=EMBEDDED -Dclassworlds.conf=D:\.metadata\.plugins\org.eclipse.m2e.launching\launches\m2conf1656502542459520762.tmp -Dmaven.multiModuleProjectDirectory=D:\Hackathon project\Hackathon project\InterestAmountForCurrentYear-EMICalculator -Dfile.encoding=Cp1252 
java_command: org.codehaus.plexus.classworlds.launcher.Launcher -B test
java_class_path (initial): D:\eclipse-java-2021-09-R-win32-x86_64\eclipse\plugins\org.eclipse.m2e.maven.runtime_1.18.0.20210618-2246\jars\plexus-classworlds-2.6.0.jar
Launcher Type: SUN_STANDARD

Environment Variables:
JAVA_HOME=C:\Program Files\Java\jdk1.8.0_321\
PATH=D:/eclipse-java-2021-09-R-win32-x86_64/eclipse//plugins/org.eclipse.justj.openjdk.hotspot.jre.full.win32.x86_64_16.0.2.v20210721-1149/jre/bin/server;D:/eclipse-java-2021-09-R-win32-x86_64/eclipse//plugins/org.eclipse.justj.openjdk.hotspot.jre.full.win32.x86_64_16.0.2.v20210721-1149/jre/bin;C:\Program Files (x86)\Common Files\Oracle\Java\javapath;C:\Program Files (x86)\Intel\TXE Components\iCLS\;C:\Program Files\Intel\TXE Components\iCLS\;C:\WINDOWS\system32;C:\WINDOWS;C:\WINDOWS\System32\Wbem;C:\WINDOWS\System32\WindowsPowerShell\v1.0\;C:\Program Files\Intel\TXE Components\DAL\;C:\Program Files (x86)\Intel\TXE Components\DAL\;C:\Program Files\Intel\TXE Components\IPT\;C:\Program Files (x86)\Intel\TXE Components\IPT\;C:\Program Files\Intel\WiFi\bin\;C:\Program Files\Common Files\Intel\WirelessCommon\;C:\Program Files\apache-maven-3.8.4-bin\apache-maven-3.8.4\bin;C:\Program Files\Java\jdk1.8.0_321\bin;C:\Users\Acer\AppData\Local\Microsoft\WindowsApps;;D:\eclipse-java-2021-09-R-win32-x86_64\eclipse;
USERNAME=Acer
OS=Windows_NT
PROCESSOR_IDENTIFIER=Intel64 Family 6 Model 92 Stepping 9, GenuineIntel



---------------  S Y S T E M  ---------------

OS: Windows 10 , 64 bit Build 14393 (10.0.14393.2214)

CPU:total 2 (initial active 2) (2 cores per cpu, 1 threads per core) family 6 model 92 stepping 9, cmov, cx8, fxsr, mmx, sse, sse2, sse3, ssse3, sse4.1, sse4.2, popcnt, aes, clmul, erms, 3dnowpref, tsc, tscinvbit

Memory: 4k page, physical 4018464k(291252k free), swap 4018464k(5788k free)

vm_info: Java HotSpot(TM) 64-Bit Server VM (25.321-b07) for windows-amd64 JRE (1.8.0_321-b07), built on Dec 15 2021 11:19:20 by "java_re" with MS VC++ 15.9 (VS2017)

time: Tue Feb  8 21:31:37 2022
timezone: India Standard Time
elapsed time: 9.151885 seconds (0d 0h 0m 9s)

