#
# There is insufficient memory for the Java Runtime Environment to continue.
# Native memory allocation (malloc) failed to allocate 118576 bytes for Chunk::new
# Possible reasons:
#   The system is out of physical RAM or swap space
#   The process is running with CompressedOops enabled, and the Java Heap may be blocking the growth of the native heap
# Possible solutions:
#   Reduce memory load on the system
#   Increase physical memory or swap space
#   Check if swap backing store is full
#   Decrease Java heap size (-Xmx/-Xms)
#   Decrease number of Java threads
#   Decrease Java thread stack sizes (-Xss)
#   Set larger code cache with -XX:ReservedCodeCacheSize=
#   JVM is running with Unscaled Compressed Oops mode in which the Java heap is
#     placed in the first 4GB address space. The Java Heap base address is the
#     maximum limit for the native heap growth. Please use -XX:HeapBaseMinAddress
#     to set the Java Heap base and to place the Java Heap above 4GB virtual address.
# This output file may be truncated or incomplete.
#
#  Out of Memory Error (arena.cpp:195), pid=6384, tid=2804
#
# JRE version: OpenJDK Runtime Environment (16.0.2+7) (build 16.0.2+7-67)
# Java VM: OpenJDK 64-Bit Server VM (16.0.2+7-67, mixed mode, tiered, compressed oops, compressed class ptrs, g1 gc, windows-amd64)
# No core dump will be written. Minidumps are not enabled by default on client versions of Windows
#

---------------  S U M M A R Y ------------

Command Line: -ea -Dfile.encoding=Cp1252 -XX:+ShowCodeDetailsInExceptionMessages org.testng.remote.RemoteTestNG -serport 52046 -protocol json -d D:\Hackathon project\Hackathon project\InterestAmountForCurrentYear-EMICalculator\test-output C:\Users\Acer\AppData\Local\Temp\testng-eclipse--1171413474\testng-customsuite.xml

Host: Intel(R) Celeron(R) CPU N3350 @ 1.10GHz, 2 cores, 3G,  Windows 10 , 64 bit Build 14393 (10.0.14393.2214)
Time: Tue Feb  8 17:07:31 2022 India Standard Time elapsed time: 23.011617 seconds (0d 0h 0m 23s)

---------------  T H R E A D  ---------------

Current thread (0x000002922fd7d070):  JavaThread "C2 CompilerThread0" daemon [_thread_in_native, id=2804, stack(0x000000e6ede00000,0x000000e6edf00000)]


Current CompileTask:
C2:  23011 2524       4       java.net.URLStreamHandler::parseURL (1201 bytes)

Stack: [0x000000e6ede00000,0x000000e6edf00000]
Native frames: (J=compiled Java code, j=interpreted, Vv=VM code, C=native code)
V  [jvm.dll+0x6681ca]
V  [jvm.dll+0x7c9e69]
V  [jvm.dll+0x7cb61e]
V  [jvm.dll+0x7cbc73]
V  [jvm.dll+0x242c55]
V  [jvm.dll+0xadeba]
V  [jvm.dll+0xae45c]
V  [jvm.dll+0x5574d3]
V  [jvm.dll+0x1b9cd6]
V  [jvm.dll+0x215e16]
V  [jvm.dll+0x215100]
V  [jvm.dll+0x1a1beb]
V  [jvm.dll+0x225158]
V  [jvm.dll+0x22319c]
V  [jvm.dll+0x77fa62]
V  [jvm.dll+0x7795aa]
V  [jvm.dll+0x667066]
C  [ucrtbase.dll+0x1cd70]
C  [KERNEL32.DLL+0x8364]
C  [ntdll.dll+0x670b1]


---------------  P R O C E S S  ---------------

Threads class SMR info:
_java_thread_list=0x0000029232270040, length=24, elements={
0x000002921937c570, 0x000002922fd08ad0, 0x000002922fd0a460, 0x000002922fd5e9a0,
0x000002922fd5f570, 0x000002922fd61290, 0x000002922fd62bb0, 0x000002922fd7d070,
0x00000292308300d0, 0x0000029230830a50, 0x0000029230914120, 0x0000029230925680,
0x0000029230b9c9f0, 0x0000029230e42ea0, 0x000002923222a120, 0x000002923245e990,
0x00000292313f8870, 0x000002923215e3d0, 0x000002923135af10, 0x000002923135b460,
0x000002923135b9b0, 0x000002923135a9c0, 0x0000029231358490, 0x00000292313589e0
}

Java Threads: ( => current thread )
  0x000002921937c570 JavaThread "main" [_thread_in_vm, id=5260, stack(0x000000e6ed100000,0x000000e6ed200000)]
  0x000002922fd08ad0 JavaThread "Reference Handler" daemon [_thread_blocked, id=6708, stack(0x000000e6ed800000,0x000000e6ed900000)]
  0x000002922fd0a460 JavaThread "Finalizer" daemon [_thread_blocked, id=8416, stack(0x000000e6ed900000,0x000000e6eda00000)]
  0x000002922fd5e9a0 JavaThread "Signal Dispatcher" daemon [_thread_blocked, id=6760, stack(0x000000e6eda00000,0x000000e6edb00000)]
  0x000002922fd5f570 JavaThread "Attach Listener" daemon [_thread_blocked, id=6856, stack(0x000000e6edb00000,0x000000e6edc00000)]
  0x000002922fd61290 JavaThread "Service Thread" daemon [_thread_blocked, id=7872, stack(0x000000e6edc00000,0x000000e6edd00000)]
  0x000002922fd62bb0 JavaThread "Monitor Deflation Thread" daemon [_thread_blocked, id=8560, stack(0x000000e6edd00000,0x000000e6ede00000)]
=>0x000002922fd7d070 JavaThread "C2 CompilerThread0" daemon [_thread_in_native, id=2804, stack(0x000000e6ede00000,0x000000e6edf00000)]
  0x00000292308300d0 JavaThread "C1 CompilerThread0" daemon [_thread_blocked, id=6336, stack(0x000000e6edf00000,0x000000e6ee000000)]
  0x0000029230830a50 JavaThread "Sweeper thread" daemon [_thread_blocked, id=8180, stack(0x000000e6ee000000,0x000000e6ee100000)]
  0x0000029230914120 JavaThread "Notification Thread" daemon [_thread_blocked, id=7540, stack(0x000000e6ee100000,0x000000e6ee200000)]
  0x0000029230925680 JavaThread "Common-Cleaner" daemon [_thread_blocked, id=1836, stack(0x000000e6ee300000,0x000000e6ee400000)]
  0x0000029230b9c9f0 JavaThread "ReaderThread" [_thread_in_native, id=7308, stack(0x000000e6ee600000,0x000000e6ee700000)]
  0x0000029230e42ea0 JavaThread "ForkJoinPool.commonPool-worker-3" daemon [_thread_blocked, id=8748, stack(0x000000e6ee700000,0x000000e6ee800000)]
  0x000002923222a120 JavaThread "Exec Default Executor" daemon [_thread_in_native, id=3688, stack(0x000000e6ee800000,0x000000e6ee900000)]
  0x000002923245e990 JavaThread "UrlChecker-2" daemon [_thread_blocked, id=8232, stack(0x000000e6ee900000,0x000000e6eea00000)]
  0x00000292313f8870 JavaThread "Exec Stream Pumper" daemon [_thread_in_native, id=1508, stack(0x000000e6eea00000,0x000000e6eeb00000)]
  0x000002923215e3d0 JavaThread "Exec Stream Pumper" daemon [_thread_in_native, id=7988, stack(0x000000e6eeb00000,0x000000e6eec00000)]
  0x000002923135af10 JavaThread "OkHttp ConnectionPool" daemon [_thread_blocked, id=9148, stack(0x000000e6eed00000,0x000000e6eee00000)]
  0x000002923135b460 JavaThread "Okio Watchdog" daemon [_thread_blocked, id=3632, stack(0x000000e6eee00000,0x000000e6eef00000)]
  0x000002923135b9b0 JavaThread "Exec Default Executor" daemon [_thread_in_native, id=9164, stack(0x000000e6eef00000,0x000000e6ef000000)]
  0x000002923135a9c0 JavaThread "Exec Stream Pumper" daemon [_thread_in_native, id=7896, stack(0x000000e6ef000000,0x000000e6ef100000)]
  0x0000029231358490 JavaThread "Exec Stream Pumper" daemon [_thread_in_native, id=5704, stack(0x000000e6ef100000,0x000000e6ef200000)]
  0x00000292313589e0 JavaThread "Keep-Alive-Timer" daemon [_thread_blocked, id=3088, stack(0x000000e6ef200000,0x000000e6ef300000)]

Other Threads:
  0x000002922fd05290 VMThread "VM Thread" [stack: 0x000000e6ed700000,0x000000e6ed800000] [id=7464]
  0x0000029230914640 WatcherThread [stack: 0x000000e6ee200000,0x000000e6ee300000] [id=4324]
  0x00000292193aab60 GCTaskThread "GC Thread#0" [stack: 0x000000e6ed200000,0x000000e6ed300000] [id=7928]
  0x000002923091e960 GCTaskThread "GC Thread#1" [stack: 0x000000e6ee400000,0x000000e6ee500000] [id=2936]
  0x00000292193b4680 ConcurrentGCThread "G1 Main Marker" [stack: 0x000000e6ed300000,0x000000e6ed400000] [id=5576]
  0x00000292193b5c40 ConcurrentGCThread "G1 Conc#0" [stack: 0x000000e6ed400000,0x000000e6ed500000] [id=676]
  0x00000292193ea400 ConcurrentGCThread "G1 Refine#0" [stack: 0x000000e6ed500000,0x000000e6ed600000] [id=7940]
  0x00000292193eb9d0 ConcurrentGCThread "G1 Service" [stack: 0x000000e6ed600000,0x000000e6ed700000] [id=5744]

Threads with active compile tasks:
C2 CompilerThread0    23109 2524       4       java.net.URLStreamHandler::parseURL (1201 bytes)

VM state: not at safepoint (normal execution)

VM Mutex/Monitor currently owned by a thread: None

Heap address: 0x00000000c2a00000, size: 982 MB, Compressed Oops mode: 32-bit

CDS disabled.
Compressed class space mapped at: 0x0000000100000000-0x0000000140000000, reserved size: 1073741824
Narrow klass base: 0x0000000000000000, Narrow klass shift: 3, Narrow klass range: 0x140000000

GC Precious Log:
 CPUs: 2 total, 2 available
 Memory: 3924M
 Large Page Support: Disabled
 NUMA Support: Disabled
 Compressed Oops: Enabled (32-bit)
 Heap Region Size: 1M
 Heap Min Capacity: 8M
 Heap Initial Capacity: 62M
 Heap Max Capacity: 982M
 Pre-touch: Disabled
 Parallel Workers: 2
 Concurrent Workers: 1
 Concurrent Refinement Workers: 2
 Periodic GC: Disabled

Heap:
 garbage-first heap   total 37888K, used 16019K [0x00000000c2a00000, 0x0000000100000000)
  region size 1024K, 9 young (9216K), 2 survivors (2048K)
 Metaspace       used 26485K, committed 26688K, reserved 1073152K
  class space    used 2844K, committed 2944K, reserved 1048576K

Heap Regions: E=young(eden), S=young(survivor), O=old, HS=humongous(starts), HC=humongous(continues), CS=collection set, F=free, OA=open archive, CA=closed archive, TAMS=top-at-mark-start (previous, next)
|   0|0x00000000c2a00000, 0x00000000c2b00000, 0x00000000c2b00000|100%|HS|  |TAMS 0x00000000c2b00000, 0x00000000c2a00000| Complete 
|   1|0x00000000c2b00000, 0x00000000c2c00000, 0x00000000c2c00000|100%| O|  |TAMS 0x00000000c2c00000, 0x00000000c2b00000| Untracked 
|   2|0x00000000c2c00000, 0x00000000c2d00000, 0x00000000c2d00000|100%| O|  |TAMS 0x00000000c2d00000, 0x00000000c2c00000| Untracked 
|   3|0x00000000c2d00000, 0x00000000c2e00000, 0x00000000c2e00000|100%| O|  |TAMS 0x00000000c2e00000, 0x00000000c2d00000| Untracked 
|   4|0x00000000c2e00000, 0x00000000c2e72400, 0x00000000c2f00000| 44%| O|  |TAMS 0x00000000c2e72400, 0x00000000c2e00000| Untracked 
|   5|0x00000000c2f00000, 0x00000000c3000000, 0x00000000c3000000|100%| O|  |TAMS 0x00000000c2f00000, 0x00000000c2f00000| Untracked 
|   6|0x00000000c3000000, 0x00000000c3100000, 0x00000000c3100000|100%| O|  |TAMS 0x00000000c3000000, 0x00000000c3000000| Untracked 
|   7|0x00000000c3100000, 0x00000000c3200000, 0x00000000c3200000|100%| O|  |TAMS 0x00000000c3100000, 0x00000000c3100000| Untracked 
|   8|0x00000000c3200000, 0x00000000c3300000, 0x00000000c3300000|100%| O|  |TAMS 0x00000000c3200000, 0x00000000c3200000| Untracked 
|   9|0x00000000c3300000, 0x00000000c337c800, 0x00000000c3400000| 48%| O|  |TAMS 0x00000000c3300000, 0x00000000c3300000| Untracked 
|  10|0x00000000c3400000, 0x00000000c3400000, 0x00000000c3500000|  0%| F|  |TAMS 0x00000000c3400000, 0x00000000c3400000| Untracked 
|  11|0x00000000c3500000, 0x00000000c3500000, 0x00000000c3600000|  0%| F|  |TAMS 0x00000000c3500000, 0x00000000c3500000| Untracked 
|  12|0x00000000c3600000, 0x00000000c3600000, 0x00000000c3700000|  0%| F|  |TAMS 0x00000000c3600000, 0x00000000c3600000| Untracked 
|  13|0x00000000c3700000, 0x00000000c37b60d0, 0x00000000c3800000| 71%| S|CS|TAMS 0x00000000c3700000, 0x00000000c3700000| Complete 
|  14|0x00000000c3800000, 0x00000000c3900000, 0x00000000c3900000|100%| S|CS|TAMS 0x00000000c3800000, 0x00000000c3800000| Complete 
|  15|0x00000000c3900000, 0x00000000c3900000, 0x00000000c3a00000|  0%| F|  |TAMS 0x00000000c3900000, 0x00000000c3900000| Untracked 
|  16|0x00000000c3a00000, 0x00000000c3a00000, 0x00000000c3b00000|  0%| F|  |TAMS 0x00000000c3a00000, 0x00000000c3a00000| Untracked 
|  17|0x00000000c3b00000, 0x00000000c3b00000, 0x00000000c3c00000|  0%| F|  |TAMS 0x00000000c3b00000, 0x00000000c3b00000| Untracked 
|  18|0x00000000c3c00000, 0x00000000c3c00000, 0x00000000c3d00000|  0%| F|  |TAMS 0x00000000c3c00000, 0x00000000c3c00000| Untracked 
|  19|0x00000000c3d00000, 0x00000000c3d00000, 0x00000000c3e00000|  0%| F|  |TAMS 0x00000000c3d00000, 0x00000000c3d00000| Untracked 
|  20|0x00000000c3e00000, 0x00000000c3e00000, 0x00000000c3f00000|  0%| F|  |TAMS 0x00000000c3e00000, 0x00000000c3e00000| Untracked 
|  21|0x00000000c3f00000, 0x00000000c3f00000, 0x00000000c4000000|  0%| F|  |TAMS 0x00000000c3f00000, 0x00000000c3f00000| Untracked 
|  22|0x00000000c4000000, 0x00000000c4000000, 0x00000000c4100000|  0%| F|  |TAMS 0x00000000c4000000, 0x00000000c4000000| Untracked 
|  23|0x00000000c4100000, 0x00000000c4100000, 0x00000000c4200000|  0%| F|  |TAMS 0x00000000c4100000, 0x00000000c4100000| Untracked 
|  24|0x00000000c4200000, 0x00000000c4200000, 0x00000000c4300000|  0%| F|  |TAMS 0x00000000c4200000, 0x00000000c4200000| Untracked 
|  25|0x00000000c4300000, 0x00000000c4300000, 0x00000000c4400000|  0%| F|  |TAMS 0x00000000c4300000, 0x00000000c4300000| Untracked 
|  26|0x00000000c4400000, 0x00000000c4400000, 0x00000000c4500000|  0%| F|  |TAMS 0x00000000c4400000, 0x00000000c4400000| Untracked 
|  27|0x00000000c4500000, 0x00000000c4500000, 0x00000000c4600000|  0%| F|  |TAMS 0x00000000c4500000, 0x00000000c4500000| Untracked 
|  28|0x00000000c4600000, 0x00000000c4600000, 0x00000000c4700000|  0%| F|  |TAMS 0x00000000c4600000, 0x00000000c4600000| Untracked 
|  29|0x00000000c4700000, 0x00000000c4700000, 0x00000000c4800000|  0%| F|  |TAMS 0x00000000c4700000, 0x00000000c4700000| Untracked 
|  30|0x00000000c4800000, 0x00000000c484b588, 0x00000000c4900000| 29%| E|  |TAMS 0x00000000c4800000, 0x00000000c4800000| Complete 
|  31|0x00000000c4900000, 0x00000000c4a00000, 0x00000000c4a00000|100%| E|  |TAMS 0x00000000c4900000, 0x00000000c4900000| Complete 
|  32|0x00000000c4a00000, 0x00000000c4b00000, 0x00000000c4b00000|100%| E|CS|TAMS 0x00000000c4a00000, 0x00000000c4a00000| Complete 
|  33|0x00000000c4b00000, 0x00000000c4c00000, 0x00000000c4c00000|100%| E|CS|TAMS 0x00000000c4b00000, 0x00000000c4b00000| Complete 
|  34|0x00000000c4c00000, 0x00000000c4d00000, 0x00000000c4d00000|100%| E|CS|TAMS 0x00000000c4c00000, 0x00000000c4c00000| Complete 
|  35|0x00000000c4d00000, 0x00000000c4e00000, 0x00000000c4e00000|100%| E|CS|TAMS 0x00000000c4d00000, 0x00000000c4d00000| Complete 
|  61|0x00000000c6700000, 0x00000000c6800000, 0x00000000c6800000|100%| E|CS|TAMS 0x00000000c6700000, 0x00000000c6700000| Complete 

Card table byte_map: [0x0000029219140000,0x0000029219330000] _byte_map_base: 0x0000029218b2b000

Marking Bits (Prev, Next): (CMBitMap*) 0x00000292193ab1a0, (CMBitMap*) 0x00000292193ab160
 Prev Bits: [0x000002922ca40000, 0x000002922d998000)
 Next Bits: [0x000002922bae0000, 0x000002922ca38000)

Polling page: 0x00000292173a0000

Metaspace:

Usage:
  Non-class:     23.09 MB used.
      Class:      2.78 MB used.
       Both:     25.86 MB used.

Virtual space:
  Non-class space:       24.00 MB reserved,      23.19 MB ( 97%) committed,  3 nodes.
      Class space:        1.00 GB reserved,       2.88 MB ( <1%) committed,  1 nodes.
              Both:        1.02 GB reserved,      26.06 MB (  2%) committed. 

Chunk freelists:
   Non-Class:  576.00 KB
       Class:  1.13 MB
        Both:  1.69 MB

MaxMetaspaceSize: 17179869184.00 GB
CompressedClassSpaceSize: 1.00 GB
 - commit_granule_bytes: 65536.
 - commit_granule_words: 8192.
 - virtual_space_node_default_size: 1048576.
 - enlarge_chunks_in_place: 1.
 - new_chunks_are_fully_committed: 0.
 - uncommit_free_chunks: 1.
 - use_allocation_guard: 0.
 - handle_deallocations: 1.


Internal statistics:

num_allocs_failed_limit: 3.
num_arena_births: 188.
num_arena_deaths: 0.
num_vsnodes_births: 4.
num_vsnodes_deaths: 0.
num_space_committed: 417.
num_space_uncommitted: 0.
num_chunks_returned_to_freelist: 3.
num_chunks_taken_from_freelist: 641.
num_chunk_merges: 3.
num_chunk_splits: 421.
num_chunks_enlarged: 303.
num_purges: 0.

CodeHeap 'non-profiled nmethods': size=120064Kb used=962Kb max_used=962Kb free=119101Kb
 bounds [0x00000292243b0000, 0x0000029224620000, 0x000002922b8f0000]
CodeHeap 'profiled nmethods': size=120000Kb used=4958Kb max_used=4958Kb free=115041Kb
 bounds [0x000002921ce80000, 0x000002921d360000, 0x00000292243b0000]
CodeHeap 'non-nmethods': size=5696Kb used=1233Kb max_used=1247Kb free=4462Kb
 bounds [0x000002921c8f0000, 0x000002921cb60000, 0x000002921ce80000]
 total_blobs=3059 nmethods=2523 adapters=449
 compilation: enabled
              stopped_count=0, restarted_count=0
 full_count=0

Compilation events (20 events):
Event: 22.528 Thread 0x000002922fd7d070 nmethod 2515 0x000002922449d790 code [0x000002922449d920, 0x000002922449e1d8]
Event: 22.528 Thread 0x000002922fd7d070 2516       4       java.net.URLStreamHandler::setURL (73 bytes)
Event: 22.547 Thread 0x00000292308300d0 2517       3       java.nio.DirectLongBufferU::ix (10 bytes)
Event: 22.548 Thread 0x00000292308300d0 nmethod 2517 0x000002921d350010 code [0x000002921d3501a0, 0x000002921d3502b8]
Event: 22.575 Thread 0x000002922fd7d070 nmethod 2516 0x000002922449e310 code [0x000002922449e4e0, 0x000002922449f1a8]
Event: 22.575 Thread 0x000002922fd7d070 2518       4       java.util.zip.Inflater::ensureOpen (47 bytes)
Event: 22.576 Thread 0x000002922fd7d070 nmethod 2518 0x000002922449f790 code [0x000002922449f920, 0x000002922449f9d8]
Event: 22.603 Thread 0x00000292308300d0 2519       3       jdk.internal.util.jar.JarIndex::get (49 bytes)
Event: 22.608 Thread 0x00000292308300d0 nmethod 2519 0x000002921d350390 code [0x000002921d3505c0, 0x000002921d350e88]
Event: 22.611 Thread 0x00000292308300d0 2520   !   3       jdk.internal.loader.URLClassPath$JarLoader::getResource (354 bytes)
Event: 22.620 Thread 0x00000292308300d0 nmethod 2520 0x000002921d351190 code [0x000002921d351620, 0x000002921d353798]
Event: 22.661 Thread 0x000002922fd7d070 2521       4       java.lang.String::indexOf (113 bytes)
Event: 22.665 Thread 0x000002922fd7d070 nmethod 2521 0x000002922449fa90 code [0x000002922449fc20, 0x000002922449ff58]
Event: 22.665 Thread 0x000002922fd7d070 2522       4       java.lang.String::indexOf (18 bytes)
Event: 22.669 Thread 0x000002922fd7d070 nmethod 2522 0x00000292244a0190 code [0x00000292244a0320, 0x00000292244a06b8]
Event: 22.710 Thread 0x00000292308300d0 2523       3       freemarker.template.Template$LineTableBuilder::handleChar (190 bytes)
Event: 22.713 Thread 0x00000292308300d0 nmethod 2523 0x000002921d354990 code [0x000002921d354d40, 0x000002921d356978]
Event: 22.721 Thread 0x000002922fd7d070 2524       4       java.net.URLStreamHandler::parseURL (1201 bytes)
Event: 22.859 Thread 0x00000292308300d0 2526       3       freemarker.core.FMParserTokenManager::jjCheckNAdd (41 bytes)
Event: 22.859 Thread 0x00000292308300d0 nmethod 2526 0x000002921d357410 code [0x000002921d3575c0, 0x000002921d357778]

GC Heap History (10 events):
Event: 2.165 GC heap before
{Heap before GC invocations=0 (full 0):
 garbage-first heap   total 63488K, used 7168K [0x00000000c2a00000, 0x0000000100000000)
  region size 1024K, 6 young (6144K), 0 survivors (0K)
 Metaspace       used 7646K, committed 7744K, reserved 1056768K
  class space    used 650K, committed 704K, reserved 1048576K
}
Event: 2.181 GC heap after
{Heap after GC invocations=1 (full 0):
 garbage-first heap   total 63488K, used 4529K [0x00000000c2a00000, 0x0000000100000000)
  region size 1024K, 1 young (1024K), 1 survivors (1024K)
 Metaspace       used 7646K, committed 7744K, reserved 1056768K
  class space    used 650K, committed 704K, reserved 1048576K
}
Event: 3.907 GC heap before
{Heap before GC invocations=1 (full 0):
 garbage-first heap   total 63488K, used 8625K [0x00000000c2a00000, 0x0000000100000000)
  region size 1024K, 5 young (5120K), 1 survivors (1024K)
 Metaspace       used 11520K, committed 11712K, reserved 1064960K
  class space    used 1072K, committed 1152K, reserved 1048576K
}
Event: 3.913 GC heap after
{Heap after GC invocations=2 (full 0):
 garbage-first heap   total 63488K, used 5360K [0x00000000c2a00000, 0x0000000100000000)
  region size 1024K, 1 young (1024K), 1 survivors (1024K)
 Metaspace       used 11520K, committed 11712K, reserved 1064960K
  class space    used 1072K, committed 1152K, reserved 1048576K
}
Event: 5.230 GC heap before
{Heap before GC invocations=2 (full 0):
 garbage-first heap   total 63488K, used 14576K [0x00000000c2a00000, 0x0000000100000000)
  region size 1024K, 10 young (10240K), 1 survivors (1024K)
 Metaspace       used 13501K, committed 13632K, reserved 1064960K
  class space    used 1271K, committed 1344K, reserved 1048576K
}
Event: 5.236 GC heap after
{Heap after GC invocations=3 (full 0):
 garbage-first heap   total 63488K, used 5884K [0x00000000c2a00000, 0x0000000100000000)
  region size 1024K, 2 young (2048K), 2 survivors (2048K)
 Metaspace       used 13501K, committed 13632K, reserved 1064960K
  class space    used 1271K, committed 1344K, reserved 1048576K
}
Event: 7.919 GC heap before
{Heap before GC invocations=3 (full 0):
 garbage-first heap   total 63488K, used 29436K [0x00000000c2a00000, 0x0000000100000000)
  region size 1024K, 26 young (26624K), 2 survivors (2048K)
 Metaspace       used 21041K, committed 21248K, reserved 1073152K
  class space    used 2141K, committed 2240K, reserved 1048576K
}
Event: 7.938 GC heap after
{Heap after GC invocations=4 (full 0):
 garbage-first heap   total 63488K, used 9174K [0x00000000c2a00000, 0x0000000100000000)
  region size 1024K, 5 young (5120K), 5 survivors (5120K)
 Metaspace       used 21041K, committed 21248K, reserved 1073152K
  class space    used 2141K, committed 2240K, reserved 1048576K
}
Event: 21.710 GC heap before
{Heap before GC invocations=5 (full 0):
 garbage-first heap   total 37888K, used 25558K [0x00000000c2a00000, 0x0000000100000000)
  region size 1024K, 22 young (22528K), 5 survivors (5120K)
 Metaspace       used 25306K, committed 25536K, reserved 1073152K
  class space    used 2717K, committed 2816K, reserved 1048576K
}
Event: 21.730 GC heap after
{Heap after GC invocations=6 (full 0):
 garbage-first heap   total 37888K, used 10899K [0x00000000c2a00000, 0x0000000100000000)
  region size 1024K, 2 young (2048K), 2 survivors (2048K)
 Metaspace       used 25306K, committed 25536K, reserved 1073152K
  class space    used 2717K, committed 2816K, reserved 1048576K
}

Deoptimization events (20 events):
Event: 21.068 Thread 0x000002921937c570 Uncommon trap: trap_request=0xffffff76 fr.pc=0x0000029224458444 relative=0x00000000000025e4
Event: 21.068 Thread 0x000002921937c570 Uncommon trap: reason=predicate action=maybe_recompile pc=0x0000029224458444 method=java.util.AbstractCollection.addAll(Ljava/util/Collection;)Z @ 15 c2
Event: 21.068 Thread 0x000002921937c570 DEOPT PACKING pc=0x0000029224458444 sp=0x000000e6ed1fe820
Event: 21.068 Thread 0x000002921937c570 DEOPT UNPACKING pc=0x000002921c93d728 sp=0x000000e6ed1fe828 mode 2
Event: 21.133 Thread 0x000002921937c570 Uncommon trap: trap_request=0xffffffde fr.pc=0x00000292244785c8 relative=0x0000000000000ea8
Event: 21.133 Thread 0x000002921937c570 Uncommon trap: reason=class_check action=maybe_recompile pc=0x00000292244785c8 method=java.util.concurrent.ConcurrentHashMap.putVal(Ljava/lang/Object;Ljava/lang/Object;Z)Ljava/lang/Object; @ 242 c2
Event: 21.133 Thread 0x000002921937c570 DEOPT PACKING pc=0x00000292244785c8 sp=0x000000e6ed1fdbc0
Event: 21.133 Thread 0x000002921937c570 DEOPT UNPACKING pc=0x000002921c93d728 sp=0x000000e6ed1fdb30 mode 2
Event: 21.955 Thread 0x000002921937c570 Uncommon trap: trap_request=0xffffffde fr.pc=0x00000292244785c8 relative=0x0000000000000ea8
Event: 21.955 Thread 0x000002921937c570 Uncommon trap: reason=class_check action=maybe_recompile pc=0x00000292244785c8 method=java.util.concurrent.ConcurrentHashMap.putVal(Ljava/lang/Object;Ljava/lang/Object;Z)Ljava/lang/Object; @ 242 c2
Event: 21.955 Thread 0x000002921937c570 DEOPT PACKING pc=0x00000292244785c8 sp=0x000000e6ed1fdbd0
Event: 21.955 Thread 0x000002921937c570 DEOPT UNPACKING pc=0x000002921c93d728 sp=0x000000e6ed1fdb40 mode 2
Event: 21.977 Thread 0x000002921937c570 Uncommon trap: trap_request=0xffffffde fr.pc=0x00000292244785c8 relative=0x0000000000000ea8
Event: 21.977 Thread 0x000002921937c570 Uncommon trap: reason=class_check action=maybe_recompile pc=0x00000292244785c8 method=java.util.concurrent.ConcurrentHashMap.putVal(Ljava/lang/Object;Ljava/lang/Object;Z)Ljava/lang/Object; @ 242 c2
Event: 21.977 Thread 0x000002921937c570 DEOPT PACKING pc=0x00000292244785c8 sp=0x000000e6ed1fdbc0
Event: 21.977 Thread 0x000002921937c570 DEOPT UNPACKING pc=0x000002921c93d728 sp=0x000000e6ed1fdb30 mode 2
Event: 21.986 Thread 0x000002921937c570 Uncommon trap: trap_request=0xffffffde fr.pc=0x00000292244785c8 relative=0x0000000000000ea8
Event: 21.986 Thread 0x000002921937c570 Uncommon trap: reason=class_check action=maybe_recompile pc=0x00000292244785c8 method=java.util.concurrent.ConcurrentHashMap.putVal(Ljava/lang/Object;Ljava/lang/Object;Z)Ljava/lang/Object; @ 242 c2
Event: 21.986 Thread 0x000002921937c570 DEOPT PACKING pc=0x00000292244785c8 sp=0x000000e6ed1fdbd0
Event: 21.986 Thread 0x000002921937c570 DEOPT UNPACKING pc=0x000002921c93d728 sp=0x000000e6ed1fdb40 mode 2

Classes unloaded (0 events):
No events

Classes redefined (0 events):
No events

Internal exceptions (20 events):
Event: 22.078 Thread 0x000002921937c570 Exception <a 'java/lang/NullPointerException'{0x00000000c4df0330}> (0x00000000c4df0330) 
thrown [t:\workspace\open\src\hotspot\share\interpreter\linkResolver.cpp, line 1468]
Event: 22.079 Thread 0x000002921937c570 Exception <a 'java/lang/NullPointerException'{0x00000000c4df0f80}> (0x00000000c4df0f80) 
thrown [t:\workspace\open\src\hotspot\share\interpreter\linkResolver.cpp, line 1468]
Event: 22.118 Thread 0x000002921937c570 Exception <a 'java/lang/NullPointerException'{0x00000000c4c12358}> (0x00000000c4c12358) 
thrown [t:\workspace\open\src\hotspot\share\interpreter\linkResolver.cpp, line 1468]
Event: 22.119 Thread 0x000002921937c570 Exception <a 'java/lang/NullPointerException'{0x00000000c4c12fc8}> (0x00000000c4c12fc8) 
thrown [t:\workspace\open\src\hotspot\share\interpreter\linkResolver.cpp, line 1468]
Event: 22.120 Thread 0x000002921937c570 Exception <a 'java/lang/NullPointerException'{0x00000000c4c13c38}> (0x00000000c4c13c38) 
thrown [t:\workspace\open\src\hotspot\share\interpreter\linkResolver.cpp, line 1468]
Event: 22.143 Thread 0x000002921937c570 Exception <a 'java/lang/NullPointerException'{0x00000000c4c34bf8}> (0x00000000c4c34bf8) 
thrown [t:\workspace\open\src\hotspot\share\interpreter\linkResolver.cpp, line 1468]
Event: 22.144 Thread 0x000002921937c570 Exception <a 'java/lang/NullPointerException'{0x00000000c4c35888}> (0x00000000c4c35888) 
thrown [t:\workspace\open\src\hotspot\share\interpreter\linkResolver.cpp, line 1468]
Event: 22.157 Thread 0x000002921937c570 Exception <a 'java/lang/NullPointerException'{0x00000000c4c56d90}> (0x00000000c4c56d90) 
thrown [t:\workspace\open\src\hotspot\share\interpreter\linkResolver.cpp, line 1468]
Event: 22.158 Thread 0x000002921937c570 Exception <a 'java/lang/NullPointerException'{0x00000000c4c57a40}> (0x00000000c4c57a40) 
thrown [t:\workspace\open\src\hotspot\share\interpreter\linkResolver.cpp, line 1468]
Event: 22.265 Thread 0x000002921937c570 Exception <a 'java/lang/NullPointerException'{0x00000000c4c78aa8}> (0x00000000c4c78aa8) 
thrown [t:\workspace\open\src\hotspot\share\interpreter\linkResolver.cpp, line 1468]
Event: 22.265 Thread 0x000002921937c570 Exception <a 'java/lang/NullPointerException'{0x00000000c4c79778}> (0x00000000c4c79778) 
thrown [t:\workspace\open\src\hotspot\share\interpreter\linkResolver.cpp, line 1468]
Event: 22.266 Thread 0x000002921937c570 Exception <a 'java/lang/NullPointerException'{0x00000000c4c7a448}> (0x00000000c4c7a448) 
thrown [t:\workspace\open\src\hotspot\share\interpreter\linkResolver.cpp, line 1468]
Event: 22.279 Thread 0x000002921937c570 Exception <a 'java/lang/NullPointerException'{0x00000000c4c9b868}> (0x00000000c4c9b868) 
thrown [t:\workspace\open\src\hotspot\share\interpreter\linkResolver.cpp, line 1468]
Event: 22.280 Thread 0x000002921937c570 Exception <a 'java/lang/NullPointerException'{0x00000000c4c9c6e0}> (0x00000000c4c9c6e0) 
thrown [t:\workspace\open\src\hotspot\share\interpreter\linkResolver.cpp, line 1468]
Event: 22.292 Thread 0x000002921937c570 Exception <a 'java/lang/NullPointerException'{0x00000000c4cbd9d8}> (0x00000000c4cbd9d8) 
thrown [t:\workspace\open\src\hotspot\share\interpreter\linkResolver.cpp, line 1468]
Event: 22.298 Thread 0x000002921937c570 Exception <a 'java/lang/NullPointerException'{0x00000000c4cbe6e8}> (0x00000000c4cbe6e8) 
thrown [t:\workspace\open\src\hotspot\share\interpreter\linkResolver.cpp, line 1468]
Event: 22.414 Thread 0x000002921937c570 Exception <a 'java/lang/NullPointerException'{0x00000000c4cdfa20}> (0x00000000c4cdfa20) 
thrown [t:\workspace\open\src\hotspot\share\interpreter\linkResolver.cpp, line 1468]
Event: 22.418 Thread 0x000002921937c570 Exception <a 'java/lang/NullPointerException'{0x00000000c4ce0750}> (0x00000000c4ce0750) 
thrown [t:\workspace\open\src\hotspot\share\interpreter\linkResolver.cpp, line 1468]
Event: 22.418 Thread 0x000002921937c570 Exception <a 'java/lang/NullPointerException'{0x00000000c4ce1480}> (0x00000000c4ce1480) 
thrown [t:\workspace\open\src\hotspot\share\interpreter\linkResolver.cpp, line 1468]
Event: 22.429 Thread 0x000002921937c570 Exception <a 'java/lang/NullPointerException'{0x00000000c4b01c40}> (0x00000000c4b01c40) 
thrown [t:\workspace\open\src\hotspot\share\interpreter\linkResolver.cpp, line 1468]

Events (20 events):
Event: 21.812 loading class java/util/stream/SortedOps$RefSortingSink
Event: 21.812 loading class java/util/stream/SortedOps$AbstractRefSortingSink
Event: 21.812 loading class java/util/stream/SortedOps$AbstractRefSortingSink done
Event: 21.812 loading class java/util/stream/SortedOps$RefSortingSink done
Event: 21.827 loading class java/net/InetAddress$CachedLocalHost
Event: 21.827 loading class java/net/InetAddress$CachedLocalHost done
Event: 21.829 loading class sun/misc/SharedSecrets
Event: 21.829 loading class sun/misc/SharedSecrets done
Event: 21.830 loading class java/lang/Throwable$WrappedPrintStream
Event: 21.830 loading class java/lang/Throwable$WrappedPrintStream done
Event: 21.832 loading class java/lang/StackTraceElement$HashedModules
Event: 21.833 loading class java/lang/StackTraceElement$HashedModules done
Event: 21.966 loading class java/util/concurrent/ConcurrentLinkedQueue$Itr
Event: 21.966 loading class java/util/concurrent/ConcurrentLinkedQueue$Itr done
Event: 22.557 loading class javax/swing/tree/TreeNode
Event: 22.567 loading class javax/swing/tree/TreeNode done
Event: 22.571 loading class java/io/FilterReader
Event: 22.571 loading class java/io/FilterReader done
Event: 22.758 Executing  VM operation: Cleanup
Event: 22.852 Executing  VM operation: Cleanup done


Dynamic libraries:
0x00007ff616d50000 - 0x00007ff616d5e000 	D:\eclipse-java-2021-09-R-win32-x86_64\eclipse\plugins\org.eclipse.justj.openjdk.hotspot.jre.full.win32.x86_64_16.0.2.v20210721-1149\jre\bin\javaw.exe
0x00007ffde12d0000 - 0x00007ffde14a2000 	C:\WINDOWS\SYSTEM32\ntdll.dll
0x00007ffddeb20000 - 0x00007ffddebcc000 	C:\WINDOWS\System32\KERNEL32.DLL
0x00007ffdde2c0000 - 0x00007ffdde4dd000 	C:\WINDOWS\System32\KERNELBASE.dll
0x00007ffdde4e0000 - 0x00007ffdde5d5000 	C:\WINDOWS\System32\ucrtbase.dll
0x00007ffdc7af0000 - 0x00007ffdc7b08000 	D:\eclipse-java-2021-09-R-win32-x86_64\eclipse\plugins\org.eclipse.justj.openjdk.hotspot.jre.full.win32.x86_64_16.0.2.v20210721-1149\jre\bin\jli.dll
0x00007ffdc7b10000 - 0x00007ffdc7b29000 	D:\eclipse-java-2021-09-R-win32-x86_64\eclipse\plugins\org.eclipse.justj.openjdk.hotspot.jre.full.win32.x86_64_16.0.2.v20210721-1149\jre\bin\VCRUNTIME140.dll
0x00007ffddf670000 - 0x00007ffddf7d5000 	C:\WINDOWS\System32\USER32.dll
0x00007ffdde0f0000 - 0x00007ffdde10e000 	C:\WINDOWS\System32\win32u.dll
0x00007ffddf630000 - 0x00007ffddf664000 	C:\WINDOWS\System32\GDI32.dll
0x00007ffdddf20000 - 0x00007ffdde0a0000 	C:\WINDOWS\System32\gdi32full.dll
0x00007ffdd28b0000 - 0x00007ffdd2b2a000 	C:\WINDOWS\WinSxS\amd64_microsoft.windows.common-controls_6595b64144ccf1df_6.0.14393.953_none_42151e83c686086b\COMCTL32.dll
0x00007ffddf430000 - 0x00007ffddf4ce000 	C:\WINDOWS\System32\msvcrt.dll
0x00007ffddebd0000 - 0x00007ffddee98000 	C:\WINDOWS\System32\combase.dll
0x00007ffdde9f0000 - 0x00007ffddeb11000 	C:\WINDOWS\System32\RPCRT4.dll
0x00007ffdddeb0000 - 0x00007ffdddf1a000 	C:\WINDOWS\System32\bcryptPrimitives.dll
0x00007ffdde860000 - 0x00007ffdde88e000 	C:\WINDOWS\System32\IMM32.DLL
0x00007ffdd55b0000 - 0x00007ffdd55bc000 	D:\eclipse-java-2021-09-R-win32-x86_64\eclipse\plugins\org.eclipse.justj.openjdk.hotspot.jre.full.win32.x86_64_16.0.2.v20210721-1149\jre\bin\vcruntime140_1.dll
0x00007ffdbe3a0000 - 0x00007ffdbe431000 	D:\eclipse-java-2021-09-R-win32-x86_64\eclipse\plugins\org.eclipse.justj.openjdk.hotspot.jre.full.win32.x86_64_16.0.2.v20210721-1149\jre\bin\msvcp140.dll
0x00007ffdab4c0000 - 0x00007ffdac06b000 	D:\eclipse-java-2021-09-R-win32-x86_64\eclipse\plugins\org.eclipse.justj.openjdk.hotspot.jre.full.win32.x86_64_16.0.2.v20210721-1149\jre\bin\server\jvm.dll
0x00007ffddf7e0000 - 0x00007ffddf882000 	C:\WINDOWS\System32\ADVAPI32.dll
0x00007ffddeea0000 - 0x00007ffddeef9000 	C:\WINDOWS\System32\sechost.dll
0x00007ffddf4d0000 - 0x00007ffddf4d8000 	C:\WINDOWS\System32\PSAPI.DLL
0x00007ffdc99a0000 - 0x00007ffdc99a9000 	C:\WINDOWS\SYSTEM32\WSOCK32.dll
0x00007ffddf5a0000 - 0x00007ffddf60a000 	C:\WINDOWS\System32\WS2_32.dll
0x00007ffddb820000 - 0x00007ffddb843000 	C:\WINDOWS\SYSTEM32\WINMM.dll
0x00007ffdcd390000 - 0x00007ffdcd39a000 	C:\WINDOWS\SYSTEM32\VERSION.dll
0x00007ffddb7c0000 - 0x00007ffddb7eb000 	C:\WINDOWS\SYSTEM32\WINMMBASE.dll
0x00007ffdde0a0000 - 0x00007ffdde0e2000 	C:\WINDOWS\System32\cfgmgr32.dll
0x00007ffddd760000 - 0x00007ffddd76f000 	C:\WINDOWS\System32\kernel.appcore.dll
0x00007ffdd55a0000 - 0x00007ffdd55aa000 	D:\eclipse-java-2021-09-R-win32-x86_64\eclipse\plugins\org.eclipse.justj.openjdk.hotspot.jre.full.win32.x86_64_16.0.2.v20210721-1149\jre\bin\jimage.dll
0x00007ffdcc2c0000 - 0x00007ffdcc452000 	C:\WINDOWS\SYSTEM32\DBGHELP.DLL
0x00007ffdcc280000 - 0x00007ffdcc2a9000 	C:\WINDOWS\SYSTEM32\dbgcore.DLL
0x00007ffdd09d0000 - 0x00007ffdd09f5000 	D:\eclipse-java-2021-09-R-win32-x86_64\eclipse\plugins\org.eclipse.justj.openjdk.hotspot.jre.full.win32.x86_64_16.0.2.v20210721-1149\jre\bin\java.dll
0x00007ffdd5320000 - 0x00007ffdd5338000 	D:\eclipse-java-2021-09-R-win32-x86_64\eclipse\plugins\org.eclipse.justj.openjdk.hotspot.jre.full.win32.x86_64_16.0.2.v20210721-1149\jre\bin\zip.dll
0x00007ffddfdb0000 - 0x00007ffde12b9000 	C:\WINDOWS\System32\SHELL32.dll
0x00007ffddd7d0000 - 0x00007ffdddea9000 	C:\WINDOWS\System32\windows.storage.dll
0x00007ffddd770000 - 0x00007ffddd7bc000 	C:\WINDOWS\System32\powrprof.dll
0x00007ffddf540000 - 0x00007ffddf592000 	C:\WINDOWS\System32\shlwapi.dll
0x00007ffdde7b0000 - 0x00007ffdde859000 	C:\WINDOWS\System32\shcore.dll
0x00007ffddd740000 - 0x00007ffddd754000 	C:\WINDOWS\System32\profapi.dll
0x00007ffdd1cb0000 - 0x00007ffdd1cc9000 	D:\eclipse-java-2021-09-R-win32-x86_64\eclipse\plugins\org.eclipse.justj.openjdk.hotspot.jre.full.win32.x86_64_16.0.2.v20210721-1149\jre\bin\net.dll
0x00007ffdcea00000 - 0x00007ffdceacd000 	C:\WINDOWS\SYSTEM32\WINHTTP.dll
0x00007ffddd010000 - 0x00007ffddd06c000 	C:\WINDOWS\system32\mswsock.dll
0x00007ffdd1c40000 - 0x00007ffdd1c53000 	D:\eclipse-java-2021-09-R-win32-x86_64\eclipse\plugins\org.eclipse.justj.openjdk.hotspot.jre.full.win32.x86_64_16.0.2.v20210721-1149\jre\bin\nio.dll
0x00007ffddcdd0000 - 0x00007ffddce71000 	C:\WINDOWS\SYSTEM32\DNSAPI.dll
0x00007ffde12c0000 - 0x00007ffde12c8000 	C:\WINDOWS\System32\NSI.dll
0x00007ffddcd90000 - 0x00007ffddcdc8000 	C:\WINDOWS\SYSTEM32\IPHLPAPI.DLL
0x00007ffdcc2b0000 - 0x00007ffdcc2ba000 	C:\Windows\System32\rasadhlp.dll
0x00007ffdd20d0000 - 0x00007ffdd213a000 	C:\WINDOWS\System32\fwpuclnt.dll
0x00007ffddd680000 - 0x00007ffddd6ab000 	C:\WINDOWS\SYSTEM32\bcrypt.dll
0x00007ffddd1b0000 - 0x00007ffddd1c7000 	C:\WINDOWS\SYSTEM32\CRYPTSP.dll
0x00007ffddcc10000 - 0x00007ffddcc43000 	C:\WINDOWS\system32\rsaenh.dll
0x00007ffddcea0000 - 0x00007ffddcebf000 	C:\WINDOWS\SYSTEM32\USERENV.dll
0x00007ffddd670000 - 0x00007ffddd67b000 	C:\WINDOWS\SYSTEM32\CRYPTBASE.dll
0x00007ffdd5180000 - 0x00007ffdd5196000 	C:\WINDOWS\SYSTEM32\dhcpcsvc6.DLL
0x00007ffdd5420000 - 0x00007ffdd543a000 	C:\WINDOWS\SYSTEM32\dhcpcsvc.DLL
0x00007ffdd5500000 - 0x00007ffdd5510000 	D:\eclipse-java-2021-09-R-win32-x86_64\eclipse\plugins\org.eclipse.justj.openjdk.hotspot.jre.full.win32.x86_64_16.0.2.v20210721-1149\jre\bin\verify.dll
0x00007ffdd1d40000 - 0x00007ffdd1d4e000 	D:\eclipse-java-2021-09-R-win32-x86_64\eclipse\plugins\org.eclipse.justj.openjdk.hotspot.jre.full.win32.x86_64_16.0.2.v20210721-1149\jre\bin\sunmscapi.dll
0x00007ffdde5e0000 - 0x00007ffdde7a9000 	C:\WINDOWS\System32\CRYPT32.dll
0x00007ffddd7c0000 - 0x00007ffddd7d0000 	C:\WINDOWS\System32\MSASN1.dll
0x00007ffddd280000 - 0x00007ffddd2a6000 	C:\WINDOWS\SYSTEM32\ncrypt.dll
0x00007ffddd240000 - 0x00007ffddd27b000 	C:\WINDOWS\SYSTEM32\NTASN1.dll
0x00007ffddbdc0000 - 0x00007ffddbe3a000 	C:\WINDOWS\system32\apphelp.dll
0x00007ffdc7cb0000 - 0x00007ffdc7cc6000 	C:\WINDOWS\system32\napinsp.dll
0x00007ffdc7ce0000 - 0x00007ffdc7cfa000 	C:\WINDOWS\system32\pnrpnsp.dll
0x00007ffddaef0000 - 0x00007ffddaf08000 	C:\WINDOWS\system32\NLAapi.dll
0x00007ffdc7cd0000 - 0x00007ffdc7cde000 	C:\WINDOWS\System32\winrnr.dll
0x00007ffdd6f60000 - 0x00007ffdd6f75000 	C:\WINDOWS\System32\wshbth.dll

dbghelp: loaded successfully - version: 4.0.5 - missing functions: none
symbol engine: initialized successfully - sym options: 0x614 - pdb path: .;D:\eclipse-java-2021-09-R-win32-x86_64\eclipse\plugins\org.eclipse.justj.openjdk.hotspot.jre.full.win32.x86_64_16.0.2.v20210721-1149\jre\bin;C:\WINDOWS\SYSTEM32;C:\WINDOWS\WinSxS\amd64_microsoft.windows.common-controls_6595b64144ccf1df_6.0.14393.953_none_42151e83c686086b;D:\eclipse-java-2021-09-R-win32-x86_64\eclipse\plugins\org.eclipse.justj.openjdk.hotspot.jre.full.win32.x86_64_16.0.2.v20210721-1149\jre\bin\server

VM Arguments:
jvm_args: -ea -Dfile.encoding=Cp1252 -XX:+ShowCodeDetailsInExceptionMessages 
java_command: org.testng.remote.RemoteTestNG -serport 52046 -protocol json -d D:\Hackathon project\Hackathon project\InterestAmountForCurrentYear-EMICalculator\test-output C:\Users\Acer\AppData\Local\Temp\testng-eclipse--1171413474\testng-customsuite.xml
java_class_path (initial): D:\eclipse-java-2021-09-R-win32-x86_64\eclipse\configuration\org.eclipse.osgi\442\0\.cp\lib\testng-remote.jar;D:\Hackathon project\Hackathon project\InterestAmountForCurrentYear-EMICalculator\target\test-classes;D:\Hackathon project\Hackathon project\InterestAmountForCurrentYear-EMICalculator\target\classes;D:\eclipse-java-2021-09-R-win32-x86_64\eclipse\plugins\org.testng_7.4.0.r202105021533.jar;D:\eclipse-java-2021-09-R-win32-x86_64\eclipse\plugins\com.beust.jcommander_1.78.0.jar;D:\eclipse-java-2021-09-R-win32-x86_64\eclipse\plugins\org.apache-extras.beanshell.bsh_2.0.0.b6.jar;D:\eclipse-java-2021-09-R-win32-x86_64\eclipse\plugins\org.yaml.snakeyaml_1.21.0.jar;D:\eclipse-java-2021-09-R-win32-x86_64\eclipse\plugins\org.webjars.jquery_3.5.1.jar;C:\Users\Acer\.m2\repository\junit\junit\4.11\junit-4.11.jar;C:\Users\Acer\.m2\repository\org\hamcrest\hamcrest-core\1.3\hamcrest-core-1.3.jar;C:\Users\Acer\.m2\repository\org\seleniumhq\selenium\selenium-java\3.141.59\selenium-java-3.141.59.jar;C:\Users\Acer\.m2\repository\org\seleniumhq\selenium\selenium-api\3.141.59\selenium-api-3.141.59.jar;C:\Users\Acer\.m2\repository\org\seleniumhq\selenium\selenium-chrome-driver\3.141.59\selenium-chrome-driver-3.141.59.jar;C:\Users\Acer\.m2\repository\org\seleniumhq\selenium\selenium-edge-driver\3.141.59\selenium-edge-driver-3.141.59.jar;C:\Users\Acer\.m2\repository\org\seleniumhq\selenium\selenium-firefox-driver\3.141.59\selenium-firefox-driver-3.141.59.jar;C:\Users\Acer\.m2\repository\org\seleniumhq\selenium\selenium-ie-driver\3.141.59\selenium-ie-driver-3.141.59.jar;C:\Users\Acer\.m2\repository\org\seleniumhq\selenium\selenium-opera-driver\3.141.59\selenium-opera-driver-3.141.59.jar;C:\Users\Acer\.m2\repository\org\seleniumhq\selenium\selenium-remote-driver\3.141.59\selenium-remote-driver-3.141.59.jar;C:\Users\Acer\.m2\repository\org\seleniumhq\selenium\selenium-safari-driver\3.141.59\selenium-safari-driver-3.141.59.jar;C:\Users\Acer\.m2\repository\org\s
Launcher Type: SUN_STANDARD

[Global flags]
     intx CICompilerCount                          = 2                                         {product} {ergonomic}
     uint ConcGCThreads                            = 1                                         {product} {ergonomic}
     uint G1ConcRefinementThreads                  = 2                                         {product} {ergonomic}
   size_t G1HeapRegionSize                         = 1048576                                   {product} {ergonomic}
    uintx GCDrainStackTargetSize                   = 64                                        {product} {ergonomic}
   size_t InitialHeapSize                          = 65011712                                  {product} {ergonomic}
   size_t MarkStackSize                            = 4194304                                   {product} {ergonomic}
   size_t MaxHeapSize                              = 1029701632                                {product} {ergonomic}
   size_t MaxNewSize                               = 617611264                                 {product} {ergonomic}
   size_t MinHeapDeltaBytes                        = 1048576                                   {product} {ergonomic}
   size_t MinHeapSize                              = 8388608                                   {product} {ergonomic}
    uintx NonNMethodCodeHeapSize                   = 5826188                                {pd product} {ergonomic}
    uintx NonProfiledCodeHeapSize                  = 122916026                              {pd product} {ergonomic}
    uintx ProfiledCodeHeapSize                     = 122916026                              {pd product} {ergonomic}
    uintx ReservedCodeCacheSize                    = 251658240                              {pd product} {ergonomic}
     bool SegmentedCodeCache                       = true                                      {product} {ergonomic}
     bool ShowCodeDetailsInExceptionMessages       = true                                   {manageable} {command line}
   size_t SoftMaxHeapSize                          = 1029701632                             {manageable} {ergonomic}
     bool UseCompressedClassPointers               = true                           {product lp64_product} {ergonomic}
     bool UseCompressedOops                        = true                           {product lp64_product} {ergonomic}
     bool UseG1GC                                  = true                                      {product} {ergonomic}
     bool UseLargePagesIndividualAllocation        = false                                  {pd product} {ergonomic}

Logging:
Log output configuration:
 #0: stdout all=warning uptime,level,tags
 #1: stderr all=off uptime,level,tags

Environment Variables:
JAVA_HOME=C:\Program Files\Java\jdk1.8.0_321\
PATH=D:/eclipse-java-2021-09-R-win32-x86_64/eclipse//plugins/org.eclipse.justj.openjdk.hotspot.jre.full.win32.x86_64_16.0.2.v20210721-1149/jre/bin/server;D:/eclipse-java-2021-09-R-win32-x86_64/eclipse//plugins/org.eclipse.justj.openjdk.hotspot.jre.full.win32.x86_64_16.0.2.v20210721-1149/jre/bin;C:\Program Files (x86)\Common Files\Oracle\Java\javapath;C:\Program Files (x86)\Intel\TXE Components\iCLS\;C:\Program Files\Intel\TXE Components\iCLS\;C:\WINDOWS\system32;C:\WINDOWS;C:\WINDOWS\System32\Wbem;C:\WINDOWS\System32\WindowsPowerShell\v1.0\;C:\Program Files\Intel\TXE Components\DAL\;C:\Program Files (x86)\Intel\TXE Components\DAL\;C:\Program Files\Intel\TXE Components\IPT\;C:\Program Files (x86)\Intel\TXE Components\IPT\;C:\Program Files\Intel\WiFi\bin\;C:\Program Files\Common Files\Intel\WirelessCommon\;C:\Program Files\apache-maven-3.8.4-bin\apache-maven-3.8.4\bin;C:\Program Files\Java\jdk1.8.0_321\bin;C:\Users\Acer\AppData\Local\Microsoft\WindowsApps;;D:\eclipse-java-2021-09-R-win32-x86_64\eclipse;
USERNAME=Acer
OS=Windows_NT
PROCESSOR_IDENTIFIER=Intel64 Family 6 Model 92 Stepping 9, GenuineIntel



---------------  S Y S T E M  ---------------

OS:
 Windows 10 , 64 bit Build 14393 (10.0.14393.2214)
OS uptime: 0 days 6:31 hours

CPU: total 2 (initial active 2) (2 cores per cpu, 1 threads per core) family 6 model 92 stepping 9 microcode 0x18, cx8, cmov, fxsr, mmx, 3dnowpref, sse, sse2, sse3, ssse3, sse4.1, sse4.2, popcnt, tsc, tscinvbit, aes, erms, clmul, sha, clflush, clflushopt

Memory: 4k page, system-wide physical 3924M (152M free)
TotalPageFile size 3924M (AvailPageFile size 17M)
current process WorkingSet (physical memory assigned to process): 117M, peak: 117M
current process commit charge ("private bytes"): 139M, peak: 155M

vm_info: OpenJDK 64-Bit Server VM (16.0.2+7-67) for windows-amd64 JRE (16.0.2+7-67), built on Jun  8 2021 23:21:43 by "mach5one" with MS VC++ 16.7 (VS2019)

END.
